06/22/2024 04:23:35 PM - DEBUG: buildFrame: Built frame with 314 bytes:
06/22/2024 04:23:35 PM - DEBUG: SYNC: dcc023c2
06/22/2024 04:23:35 PM - DEBUG: SYNC: dcc023c2
06/22/2024 04:23:35 PM - DEBUG: Checksum: 0x101d
06/22/2024 04:23:35 PM - DEBUG: Length: 299
06/22/2024 04:23:35 PM - DEBUG: ID: 0
06/22/2024 04:23:35 PM - DEBUG: Flags: EMPTY
06/22/2024 04:23:35 PM - DEBUG: Data HEX: 323032313033313632393a343a316266623030383036646666663030383630663334663339343934613266366664313930346564323966396561623762646630343464636132383336346531652b323032313033313732363a343a303466666138613762346334326635633637313535313464366231633930656538313035613835636433323861663237666631656462303163613731323461322b323032313039363838373a343a343038313030663365633733306466393163356432343933666631323834663732333465633535326339613232653337346364663735636334393034363364642b353262613064303032386561653261333465616537666333646235663630383938646533383137323435643833343937366537643839333861616537643836650a
06/22/2024 04:23:35 PM - DEBUG: Data ASCII: 2021031629:4:1bfb00806dfff00860f34f39494a2f6fd1904ed29f9eab7bdf044dca28364e1e+2021031726:4:04ffa8a7b4c42f5c6715514d6b1c90ee8105a85cd328af27ff1edb01ca7124a2+2021096887:4:408100f3ec730df91c5d2493ff1284f7234ec552c9a22e374cdf75cc490463dd+52ba0d0028eae2a34eae7fc3db5f60898de3817245d834976e7d8938aae7d86e


06/22/2024 04:23:35 PM - DEBUG: sendFrameAndWaitForACK: Received valid frame: {'checksumHex': '0x7ef9', 'length': 0, 'lengthFull': 15, 'id': 0, 'flag': 'ACK', 'dataRaw': b''}
06/22/2024 04:23:35 PM - DEBUG: grading1: Received valid frame: {'checksumHex': '0x5420', 'length': 24, 'lengthFull': 39, 'id': 0, 'flag': 'EMPTY', 'dataRaw': b'authentication complete\n'}
06/22/2024 04:23:35 PM - DEBUG: buildFrame: Built frame with 15 bytes:
06/22/2024 04:23:35 PM - DEBUG: SYNC: dcc023c2
06/22/2024 04:23:35 PM - DEBUG: SYNC: dcc023c2
06/22/2024 04:23:35 PM - DEBUG: Checksum: 0x7ef9
06/22/2024 04:23:35 PM - DEBUG: Length: 0
06/22/2024 04:23:35 PM - DEBUG: ID: 0
06/22/2024 04:23:35 PM - DEBUG: Flags: ACK
06/22/2024 04:23:35 PM - DEBUG: Data HEX: 
06/22/2024 04:23:35 PM - DEBUG: Data ASCII: 

06/22/2024 04:23:35 PM - DEBUG: Sent ACK for ID 0 with ID 0
06/22/2024 04:23:35 PM - DEBUG: buildFrame: Built frame with 48 bytes:
06/22/2024 04:23:35 PM - DEBUG: SYNC: dcc023c2
06/22/2024 04:23:35 PM - DEBUG: SYNC: dcc023c2
06/22/2024 04:23:35 PM - DEBUG: Checksum: 0xec43
06/22/2024 04:23:35 PM - DEBUG: Length: 33
06/22/2024 04:23:35 PM - DEBUG: ID: 1
06/22/2024 04:23:35 PM - DEBUG: Flags: EMPTY
06/22/2024 04:23:35 PM - DEBUG: Data HEX: 65646433633735346538303631363166646563303335313737393933316462310a
06/22/2024 04:23:35 PM - DEBUG: Data ASCII: edd3c754e806161fdec0351779931db1


06/22/2024 04:23:35 PM - DEBUG: Sent MD5 for ID 0 with ID 1. Message: "authentication complete"
06/22/2024 04:23:35 PM - DEBUG: sendFrameAndWaitForACK: Received valid frame: {'checksumHex': '0x7ef8', 'length': 0, 'lengthFull': 15, 'id': 1, 'flag': 'ACK', 'dataRaw': b''}
06/22/2024 04:23:36 PM - DEBUG: grading1: Received valid frame: {'checksumHex': '0xf206', 'length': 17, 'lengthFull': 32, 'id': 1, 'flag': 'EMPTY', 'dataRaw': b'entering phase 1\n'}
06/22/2024 04:23:36 PM - DEBUG: buildFrame: Built frame with 15 bytes:
06/22/2024 04:23:36 PM - DEBUG: SYNC: dcc023c2
06/22/2024 04:23:36 PM - DEBUG: SYNC: dcc023c2
06/22/2024 04:23:36 PM - DEBUG: Checksum: 0x7ef8
06/22/2024 04:23:36 PM - DEBUG: Length: 0
06/22/2024 04:23:36 PM - DEBUG: ID: 1
06/22/2024 04:23:36 PM - DEBUG: Flags: ACK
06/22/2024 04:23:36 PM - DEBUG: Data HEX: 
06/22/2024 04:23:36 PM - DEBUG: Data ASCII: 

06/22/2024 04:23:36 PM - DEBUG: Sent ACK for ID 1 with ID 1
06/22/2024 04:23:36 PM - DEBUG: buildFrame: Built frame with 48 bytes:
06/22/2024 04:23:36 PM - DEBUG: SYNC: dcc023c2
06/22/2024 04:23:36 PM - DEBUG: SYNC: dcc023c2
06/22/2024 04:23:36 PM - DEBUG: Checksum: 0xffd1
06/22/2024 04:23:36 PM - DEBUG: Length: 33
06/22/2024 04:23:36 PM - DEBUG: ID: 0
06/22/2024 04:23:36 PM - DEBUG: Flags: EMPTY
06/22/2024 04:23:36 PM - DEBUG: Data HEX: 37323939313363653431616438303132333861323330323233343166343766640a
06/22/2024 04:23:36 PM - DEBUG: Data ASCII: 729913ce41ad801238a23022341f47fd


06/22/2024 04:23:36 PM - DEBUG: Sent MD5 for ID 1 with ID 0. Message: "entering phase 1"
06/22/2024 04:23:36 PM - DEBUG: sendFrameAndWaitForACK: Received valid frame: {'checksumHex': '0x7ef9', 'length': 0, 'lengthFull': 15, 'id': 0, 'flag': 'ACK', 'dataRaw': b''}
06/22/2024 04:23:36 PM - DEBUG: grading1: Received valid frame: {'checksumHex': '0x2b46', 'length': 49, 'lengthFull': 64, 'id': 0, 'flag': 'EMPTY', 'dataRaw': b'test line 0 6e35daf2-5a0b-47db-bf0d-10df11bd1ab6\n'}
06/22/2024 04:23:36 PM - DEBUG: buildFrame: Built frame with 15 bytes:
06/22/2024 04:23:36 PM - DEBUG: SYNC: dcc023c2
06/22/2024 04:23:36 PM - DEBUG: SYNC: dcc023c2
06/22/2024 04:23:36 PM - DEBUG: Checksum: 0x7ef9
06/22/2024 04:23:36 PM - DEBUG: Length: 0
06/22/2024 04:23:36 PM - DEBUG: ID: 0
06/22/2024 04:23:36 PM - DEBUG: Flags: ACK
06/22/2024 04:23:36 PM - DEBUG: Data HEX: 
06/22/2024 04:23:36 PM - DEBUG: Data ASCII: 

06/22/2024 04:23:36 PM - DEBUG: Sent ACK for ID 0 with ID 0
06/22/2024 04:23:36 PM - DEBUG: buildFrame: Built frame with 48 bytes:
06/22/2024 04:23:36 PM - DEBUG: SYNC: dcc023c2
06/22/2024 04:23:36 PM - DEBUG: SYNC: dcc023c2
06/22/2024 04:23:36 PM - DEBUG: Checksum: 0xbfff
06/22/2024 04:23:36 PM - DEBUG: Length: 33
06/22/2024 04:23:36 PM - DEBUG: ID: 1
06/22/2024 04:23:36 PM - DEBUG: Flags: EMPTY
06/22/2024 04:23:36 PM - DEBUG: Data HEX: 61616532656634393637663562343935323236343565386365646635613333390a
06/22/2024 04:23:36 PM - DEBUG: Data ASCII: aae2ef4967f5b49522645e8cedf5a339


06/22/2024 04:23:36 PM - DEBUG: Sent MD5 for ID 0 with ID 1. Message: "test line 0 6e35daf2-5a0b-47db-bf0d-10df11bd1ab6"
06/22/2024 04:23:37 PM - DEBUG: sendFrameAndWaitForACK: Received valid frame: {'checksumHex': '0x7ef8', 'length': 0, 'lengthFull': 15, 'id': 1, 'flag': 'ACK', 'dataRaw': b''}
06/22/2024 04:23:37 PM - DEBUG: grading1: Received valid frame: {'checksumHex': '0x8eb2', 'length': 49, 'lengthFull': 64, 'id': 1, 'flag': 'EMPTY', 'dataRaw': b'test line 1 32ad1c7b-ca7f-47da-baf3-b1be0cae0603\n'}
06/22/2024 04:23:37 PM - DEBUG: buildFrame: Built frame with 15 bytes:
06/22/2024 04:23:37 PM - DEBUG: SYNC: dcc023c2
06/22/2024 04:23:37 PM - DEBUG: SYNC: dcc023c2
06/22/2024 04:23:37 PM - DEBUG: Checksum: 0x7ef8
06/22/2024 04:23:37 PM - DEBUG: Length: 0
06/22/2024 04:23:37 PM - DEBUG: ID: 1
06/22/2024 04:23:37 PM - DEBUG: Flags: ACK
06/22/2024 04:23:37 PM - DEBUG: Data HEX: 
06/22/2024 04:23:37 PM - DEBUG: Data ASCII: 

06/22/2024 04:23:37 PM - DEBUG: Sent ACK for ID 1 with ID 1
06/22/2024 04:23:37 PM - DEBUG: buildFrame: Built frame with 48 bytes:
06/22/2024 04:23:37 PM - DEBUG: SYNC: dcc023c2
06/22/2024 04:23:37 PM - DEBUG: SYNC: dcc023c2
06/22/2024 04:23:37 PM - DEBUG: Checksum: 0x3ddb
06/22/2024 04:23:37 PM - DEBUG: Length: 33
06/22/2024 04:23:37 PM - DEBUG: ID: 0
06/22/2024 04:23:37 PM - DEBUG: Flags: EMPTY
06/22/2024 04:23:37 PM - DEBUG: Data HEX: 33646131316530303032313032353735353937376231643164613032323139310a
06/22/2024 04:23:37 PM - DEBUG: Data ASCII: 3da11e00021025755977b1d1da022191


06/22/2024 04:23:37 PM - DEBUG: Sent MD5 for ID 1 with ID 0. Message: "test line 1 32ad1c7b-ca7f-47da-baf3-b1be0cae0603"
06/22/2024 04:23:37 PM - DEBUG: sendFrameAndWaitForACK: Received valid frame: {'checksumHex': '0x7ef9', 'length': 0, 'lengthFull': 15, 'id': 0, 'flag': 'ACK', 'dataRaw': b''}
06/22/2024 04:23:38 PM - DEBUG: grading1: Received valid frame: {'checksumHex': '0x4b50', 'length': 49, 'lengthFull': 64, 'id': 0, 'flag': 'EMPTY', 'dataRaw': b'test line 2 cbd4663b-c556-4b80-b27d-1f91c9592066\n'}
06/22/2024 04:23:38 PM - DEBUG: buildFrame: Built frame with 15 bytes:
06/22/2024 04:23:38 PM - DEBUG: SYNC: dcc023c2
06/22/2024 04:23:38 PM - DEBUG: SYNC: dcc023c2
06/22/2024 04:23:38 PM - DEBUG: Checksum: 0x7ef9
06/22/2024 04:23:38 PM - DEBUG: Length: 0
06/22/2024 04:23:38 PM - DEBUG: ID: 0
06/22/2024 04:23:38 PM - DEBUG: Flags: ACK
06/22/2024 04:23:38 PM - DEBUG: Data HEX: 
06/22/2024 04:23:38 PM - DEBUG: Data ASCII: 

06/22/2024 04:23:38 PM - DEBUG: Sent ACK for ID 0 with ID 0
06/22/2024 04:23:38 PM - DEBUG: buildFrame: Built frame with 48 bytes:
06/22/2024 04:23:38 PM - DEBUG: SYNC: dcc023c2
06/22/2024 04:23:38 PM - DEBUG: SYNC: dcc023c2
06/22/2024 04:23:38 PM - DEBUG: Checksum: 0xfc77
06/22/2024 04:23:38 PM - DEBUG: Length: 33
06/22/2024 04:23:38 PM - DEBUG: ID: 1
06/22/2024 04:23:38 PM - DEBUG: Flags: EMPTY
06/22/2024 04:23:38 PM - DEBUG: Data HEX: 62336534623361333736396563393434643361613633663465366664336362300a
06/22/2024 04:23:38 PM - DEBUG: Data ASCII: b3e4b3a3769ec944d3aa63f4e6fd3cb0


06/22/2024 04:23:38 PM - DEBUG: Sent MD5 for ID 0 with ID 1. Message: "test line 2 cbd4663b-c556-4b80-b27d-1f91c9592066"
06/22/2024 04:23:38 PM - DEBUG: sendFrameAndWaitForACK: Received valid frame: {'checksumHex': '0x7ef8', 'length': 0, 'lengthFull': 15, 'id': 1, 'flag': 'ACK', 'dataRaw': b''}
06/22/2024 04:23:38 PM - DEBUG: grading1: Received valid frame: {'checksumHex': '0x24cc', 'length': 49, 'lengthFull': 64, 'id': 1, 'flag': 'EMPTY', 'dataRaw': b'test line 3 cd54a93b-701e-4570-a82f-db1bea4606ab\n'}
06/22/2024 04:23:38 PM - DEBUG: buildFrame: Built frame with 15 bytes:
06/22/2024 04:23:38 PM - DEBUG: SYNC: dcc023c2
06/22/2024 04:23:38 PM - DEBUG: SYNC: dcc023c2
06/22/2024 04:23:38 PM - DEBUG: Checksum: 0x7ef8
06/22/2024 04:23:38 PM - DEBUG: Length: 0
06/22/2024 04:23:38 PM - DEBUG: ID: 1
06/22/2024 04:23:38 PM - DEBUG: Flags: ACK
06/22/2024 04:23:38 PM - DEBUG: Data HEX: 
06/22/2024 04:23:38 PM - DEBUG: Data ASCII: 

06/22/2024 04:23:38 PM - DEBUG: Sent ACK for ID 1 with ID 1
06/22/2024 04:23:38 PM - DEBUG: buildFrame: Built frame with 48 bytes:
06/22/2024 04:23:38 PM - DEBUG: SYNC: dcc023c2
06/22/2024 04:23:38 PM - DEBUG: SYNC: dcc023c2
06/22/2024 04:23:38 PM - DEBUG: Checksum: 0x716d
06/22/2024 04:23:38 PM - DEBUG: Length: 33
06/22/2024 04:23:38 PM - DEBUG: ID: 0
06/22/2024 04:23:38 PM - DEBUG: Flags: EMPTY
06/22/2024 04:23:38 PM - DEBUG: Data HEX: 30666534303936626366373166643131656166643033333530633930383262360a
06/22/2024 04:23:38 PM - DEBUG: Data ASCII: 0fe4096bcf71fd11eafd03350c9082b6


06/22/2024 04:23:38 PM - DEBUG: Sent MD5 for ID 1 with ID 0. Message: "test line 3 cd54a93b-701e-4570-a82f-db1bea4606ab"
06/22/2024 04:23:38 PM - DEBUG: sendFrameAndWaitForACK: Received valid frame: {'checksumHex': '0x7ef9', 'length': 0, 'lengthFull': 15, 'id': 0, 'flag': 'ACK', 'dataRaw': b''}
06/22/2024 04:23:39 PM - DEBUG: grading1: Received valid frame: {'checksumHex': '0x1d02', 'length': 49, 'lengthFull': 64, 'id': 0, 'flag': 'EMPTY', 'dataRaw': b'test line 4 ecf2ec56-b448-4ef3-9c7d-f1fabab5a70b\n'}
06/22/2024 04:23:39 PM - DEBUG: buildFrame: Built frame with 15 bytes:
06/22/2024 04:23:39 PM - DEBUG: SYNC: dcc023c2
06/22/2024 04:23:39 PM - DEBUG: SYNC: dcc023c2
06/22/2024 04:23:39 PM - DEBUG: Checksum: 0x7ef9
06/22/2024 04:23:39 PM - DEBUG: Length: 0
06/22/2024 04:23:39 PM - DEBUG: ID: 0
06/22/2024 04:23:39 PM - DEBUG: Flags: ACK
06/22/2024 04:23:39 PM - DEBUG: Data HEX: 
06/22/2024 04:23:39 PM - DEBUG: Data ASCII: 

06/22/2024 04:23:39 PM - DEBUG: Sent ACK for ID 0 with ID 0
06/22/2024 04:23:39 PM - DEBUG: buildFrame: Built frame with 48 bytes:
06/22/2024 04:23:39 PM - DEBUG: SYNC: dcc023c2
06/22/2024 04:23:39 PM - DEBUG: SYNC: dcc023c2
06/22/2024 04:23:39 PM - DEBUG: Checksum: 0x7a3a
06/22/2024 04:23:39 PM - DEBUG: Length: 33
06/22/2024 04:23:39 PM - DEBUG: ID: 1
06/22/2024 04:23:39 PM - DEBUG: Flags: EMPTY
06/22/2024 04:23:39 PM - DEBUG: Data HEX: 62303036343361363331386266633131643566616362326366623765353335350a
06/22/2024 04:23:39 PM - DEBUG: Data ASCII: b00643a6318bfc11d5facb2cfb7e5355


06/22/2024 04:23:39 PM - DEBUG: Sent MD5 for ID 0 with ID 1. Message: "test line 4 ecf2ec56-b448-4ef3-9c7d-f1fabab5a70b"
06/22/2024 04:23:39 PM - DEBUG: sendFrameAndWaitForACK: Received valid frame: {'checksumHex': '0x7ef8', 'length': 0, 'lengthFull': 15, 'id': 1, 'flag': 'ACK', 'dataRaw': b''}
06/22/2024 04:23:39 PM - DEBUG: grading1: Received valid frame: {'checksumHex': '0xeeeb', 'length': 37, 'lengthFull': 52, 'id': 1, 'flag': 'EMPTY', 'dataRaw': b'entering phase 2 retransmission test\n'}
06/22/2024 04:23:39 PM - DEBUG: buildFrame: Built frame with 15 bytes:
06/22/2024 04:23:39 PM - DEBUG: SYNC: dcc023c2
06/22/2024 04:23:39 PM - DEBUG: SYNC: dcc023c2
06/22/2024 04:23:39 PM - DEBUG: Checksum: 0x7ef8
06/22/2024 04:23:39 PM - DEBUG: Length: 0
06/22/2024 04:23:39 PM - DEBUG: ID: 1
06/22/2024 04:23:39 PM - DEBUG: Flags: ACK
06/22/2024 04:23:39 PM - DEBUG: Data HEX: 
06/22/2024 04:23:39 PM - DEBUG: Data ASCII: 

06/22/2024 04:23:39 PM - DEBUG: Sent ACK for ID 1 with ID 1
06/22/2024 04:23:39 PM - DEBUG: buildFrame: Built frame with 48 bytes:
06/22/2024 04:23:39 PM - DEBUG: SYNC: dcc023c2
06/22/2024 04:23:39 PM - DEBUG: SYNC: dcc023c2
06/22/2024 04:23:39 PM - DEBUG: Checksum: 0x34f3
06/22/2024 04:23:39 PM - DEBUG: Length: 33
06/22/2024 04:23:39 PM - DEBUG: ID: 0
06/22/2024 04:23:39 PM - DEBUG: Flags: EMPTY
06/22/2024 04:23:39 PM - DEBUG: Data HEX: 30653330633434333632383931303831353063353637396634353331666633300a
06/22/2024 04:23:39 PM - DEBUG: Data ASCII: 0e30c4436289108150c5679f4531ff30


06/22/2024 04:23:39 PM - DEBUG: Sent MD5 for ID 1 with ID 0. Message: "entering phase 2 retransmission test"
06/22/2024 04:23:40 PM - DEBUG: sendFrameAndWaitForACK: Received valid frame: {'checksumHex': '0xd6bc', 'length': 65, 'lengthFull': 80, 'id': 0, 'flag': 'EMPTY', 'dataRaw': b'second message cannot be answered immediately due to missing ack\n'}
06/22/2024 04:23:41 PM - DEBUG: sendFrameAndWaitForACK: Received valid frame: {'checksumHex': '0xd6bc', 'length': 65, 'lengthFull': 80, 'id': 0, 'flag': 'EMPTY', 'dataRaw': b'second message cannot be answered immediately due to missing ack\n'}
06/22/2024 04:23:42 PM - DEBUG: sendFrameAndWaitForACK: Received valid frame: {'checksumHex': '0xd6bc', 'length': 65, 'lengthFull': 80, 'id': 0, 'flag': 'EMPTY', 'dataRaw': b'second message cannot be answered immediately due to missing ack\n'}
06/22/2024 04:23:43 PM - DEBUG: sendFrameAndWaitForACK: Received valid frame: {'checksumHex': '0xd6bc', 'length': 65, 'lengthFull': 80, 'id': 0, 'flag': 'EMPTY', 'dataRaw': b'second message cannot be answered immediately due to missing ack\n'}
06/22/2024 04:23:44 PM - DEBUG: sendFrameAndWaitForACK: Received valid frame: {'checksumHex': '0xd6bc', 'length': 65, 'lengthFull': 80, 'id': 0, 'flag': 'EMPTY', 'dataRaw': b'second message cannot be answered immediately due to missing ack\n'}
06/22/2024 04:23:45 PM - DEBUG: sendFrameAndWaitForACK: Received valid frame: {'checksumHex': '0xd6bc', 'length': 65, 'lengthFull': 80, 'id': 0, 'flag': 'EMPTY', 'dataRaw': b'second message cannot be answered immediately due to missing ack\n'}
06/22/2024 04:23:46 PM - DEBUG: sendFrameAndWaitForACK: Received valid frame: {'checksumHex': '0x7ef9', 'length': 0, 'lengthFull': 15, 'id': 0, 'flag': 'ACK', 'dataRaw': b''}
06/22/2024 04:23:46 PM - DEBUG: grading1: Received valid frame: {'checksumHex': '0x7ef9', 'length': 0, 'lengthFull': 15, 'id': 0, 'flag': 'ACK', 'dataRaw': b''}
06/22/2024 04:23:46 PM - DEBUG: grading1: Duplicate ACK. Skipping...
06/22/2024 04:23:46 PM - DEBUG: grading1: Received valid frame: {'checksumHex': '0xd6bc', 'length': 65, 'lengthFull': 80, 'id': 0, 'flag': 'EMPTY', 'dataRaw': b'second message cannot be answered immediately due to missing ack\n'}
06/22/2024 04:23:46 PM - DEBUG: buildFrame: Built frame with 15 bytes:
06/22/2024 04:23:46 PM - DEBUG: SYNC: dcc023c2
06/22/2024 04:23:46 PM - DEBUG: SYNC: dcc023c2
06/22/2024 04:23:46 PM - DEBUG: Checksum: 0x7ef9
06/22/2024 04:23:46 PM - DEBUG: Length: 0
06/22/2024 04:23:46 PM - DEBUG: ID: 0
06/22/2024 04:23:46 PM - DEBUG: Flags: ACK
06/22/2024 04:23:46 PM - DEBUG: Data HEX: 
06/22/2024 04:23:46 PM - DEBUG: Data ASCII: 

06/22/2024 04:23:46 PM - DEBUG: Sent ACK for ID 0 with ID 0
06/22/2024 04:23:46 PM - DEBUG: buildFrame: Built frame with 48 bytes:
06/22/2024 04:23:46 PM - DEBUG: SYNC: dcc023c2
06/22/2024 04:23:46 PM - DEBUG: SYNC: dcc023c2
06/22/2024 04:23:46 PM - DEBUG: Checksum: 0xc8a0
06/22/2024 04:23:46 PM - DEBUG: Length: 33
06/22/2024 04:23:46 PM - DEBUG: ID: 1
06/22/2024 04:23:46 PM - DEBUG: Flags: EMPTY
06/22/2024 04:23:46 PM - DEBUG: Data HEX: 37363032613234313137663561363331656430336535373332653566346636640a
06/22/2024 04:23:46 PM - DEBUG: Data ASCII: 7602a24117f5a631ed03e5732e5f4f6d


06/22/2024 04:23:46 PM - DEBUG: Sent MD5 for ID 0 with ID 1. Message: "second message cannot be answered immediately due to missing ack"
06/22/2024 04:23:46 PM - DEBUG: sendFrameAndWaitForACK: Received valid frame: {'checksumHex': '0x7ef8', 'length': 0, 'lengthFull': 15, 'id': 1, 'flag': 'ACK', 'dataRaw': b''}
06/22/2024 04:23:47 PM - DEBUG: grading1: Received valid frame: {'checksumHex': '0xa1b0', 'length': 29, 'lengthFull': 44, 'id': 1, 'flag': 'EMPTY', 'dataRaw': b'entering phase 3 resync test\n'}
06/22/2024 04:23:47 PM - DEBUG: buildFrame: Built frame with 15 bytes:
06/22/2024 04:23:47 PM - DEBUG: SYNC: dcc023c2
06/22/2024 04:23:47 PM - DEBUG: SYNC: dcc023c2
06/22/2024 04:23:47 PM - DEBUG: Checksum: 0x7ef8
06/22/2024 04:23:47 PM - DEBUG: Length: 0
06/22/2024 04:23:47 PM - DEBUG: ID: 1
06/22/2024 04:23:47 PM - DEBUG: Flags: ACK
06/22/2024 04:23:47 PM - DEBUG: Data HEX: 
06/22/2024 04:23:47 PM - DEBUG: Data ASCII: 

06/22/2024 04:23:47 PM - DEBUG: Sent ACK for ID 1 with ID 1
06/22/2024 04:23:47 PM - DEBUG: buildFrame: Built frame with 48 bytes:
06/22/2024 04:23:47 PM - DEBUG: SYNC: dcc023c2
06/22/2024 04:23:47 PM - DEBUG: SYNC: dcc023c2
06/22/2024 04:23:47 PM - DEBUG: Checksum: 0xb9bf
06/22/2024 04:23:47 PM - DEBUG: Length: 33
06/22/2024 04:23:47 PM - DEBUG: ID: 0
06/22/2024 04:23:47 PM - DEBUG: Flags: EMPTY
06/22/2024 04:23:47 PM - DEBUG: Data HEX: 34343032373232366666623866393662323639663238383964663862303139340a
06/22/2024 04:23:47 PM - DEBUG: Data ASCII: 44027226ffb8f96b269f2889df8b0194


06/22/2024 04:23:47 PM - DEBUG: Sent MD5 for ID 1 with ID 0. Message: "entering phase 3 resync test"
06/22/2024 04:23:47 PM - DEBUG: sendFrameAndWaitForACK: Received valid frame: {'checksumHex': '0x7ef9', 'length': 0, 'lengthFull': 15, 'id': 0, 'flag': 'ACK', 'dataRaw': b''}
06/22/2024 04:23:48 PM - DEBUG: grading1: Received valid frame: {'checksumHex': '0x7283', 'length': 49, 'lengthFull': 64, 'id': 0, 'flag': 'EMPTY', 'dataRaw': b'test line 0 2c6a21b8-88e2-4d55-9523-fe61885024d9\n'}
06/22/2024 04:23:48 PM - DEBUG: buildFrame: Built frame with 15 bytes:
06/22/2024 04:23:48 PM - DEBUG: SYNC: dcc023c2
06/22/2024 04:23:48 PM - DEBUG: SYNC: dcc023c2
06/22/2024 04:23:48 PM - DEBUG: Checksum: 0x7ef9
06/22/2024 04:23:48 PM - DEBUG: Length: 0
06/22/2024 04:23:48 PM - DEBUG: ID: 0
06/22/2024 04:23:48 PM - DEBUG: Flags: ACK
06/22/2024 04:23:48 PM - DEBUG: Data HEX: 
06/22/2024 04:23:48 PM - DEBUG: Data ASCII: 

06/22/2024 04:23:48 PM - DEBUG: Sent ACK for ID 0 with ID 0
06/22/2024 04:23:48 PM - DEBUG: buildFrame: Built frame with 48 bytes:
06/22/2024 04:23:48 PM - DEBUG: SYNC: dcc023c2
06/22/2024 04:23:48 PM - DEBUG: SYNC: dcc023c2
06/22/2024 04:23:48 PM - DEBUG: Checksum: 0xcf1d
06/22/2024 04:23:48 PM - DEBUG: Length: 33
06/22/2024 04:23:48 PM - DEBUG: ID: 1
06/22/2024 04:23:48 PM - DEBUG: Flags: EMPTY
06/22/2024 04:23:48 PM - DEBUG: Data HEX: 62343835323666616637326234346232616663353334613062633232303730610a
06/22/2024 04:23:48 PM - DEBUG: Data ASCII: b48526faf72b44b2afc534a0bc22070a


06/22/2024 04:23:48 PM - DEBUG: Sent MD5 for ID 0 with ID 1. Message: "test line 0 2c6a21b8-88e2-4d55-9523-fe61885024d9"
06/22/2024 04:23:48 PM - DEBUG: sendFrameAndWaitForACK: Received valid frame: {'checksumHex': '0x7ef8', 'length': 0, 'lengthFull': 15, 'id': 1, 'flag': 'ACK', 'dataRaw': b''}
06/22/2024 04:23:48 PM - DEBUG: grading1: Received valid frame: {'checksumHex': '0xe46b', 'length': 49, 'lengthFull': 64, 'id': 1, 'flag': 'EMPTY', 'dataRaw': b'test line 1 e0b5a872-ac1b-4a53-bc05-31d5d78903d6\n'}
06/22/2024 04:23:48 PM - DEBUG: buildFrame: Built frame with 15 bytes:
06/22/2024 04:23:48 PM - DEBUG: SYNC: dcc023c2
06/22/2024 04:23:48 PM - DEBUG: SYNC: dcc023c2
06/22/2024 04:23:48 PM - DEBUG: Checksum: 0x7ef8
06/22/2024 04:23:48 PM - DEBUG: Length: 0
06/22/2024 04:23:48 PM - DEBUG: ID: 1
06/22/2024 04:23:48 PM - DEBUG: Flags: ACK
06/22/2024 04:23:48 PM - DEBUG: Data HEX: 
06/22/2024 04:23:48 PM - DEBUG: Data ASCII: 

06/22/2024 04:23:48 PM - DEBUG: Sent ACK for ID 1 with ID 1
06/22/2024 04:23:48 PM - DEBUG: buildFrame: Built frame with 48 bytes:
06/22/2024 04:23:48 PM - DEBUG: SYNC: dcc023c2
06/22/2024 04:23:48 PM - DEBUG: SYNC: dcc023c2
06/22/2024 04:23:48 PM - DEBUG: Checksum: 0x55d4
06/22/2024 04:23:48 PM - DEBUG: Length: 33
06/22/2024 04:23:48 PM - DEBUG: ID: 0
06/22/2024 04:23:48 PM - DEBUG: Flags: EMPTY
06/22/2024 04:23:48 PM - DEBUG: Data HEX: 30633165363961653230386135663430613735393266343663373565623835380a
06/22/2024 04:23:48 PM - DEBUG: Data ASCII: 0c1e69ae208a5f40a7592f46c75eb858


06/22/2024 04:23:48 PM - DEBUG: Sent MD5 for ID 1 with ID 0. Message: "test line 1 e0b5a872-ac1b-4a53-bc05-31d5d78903d6"
06/22/2024 04:23:48 PM - DEBUG: sendFrameAndWaitForACK: Received valid frame: {'checksumHex': '0x7ef9', 'length': 0, 'lengthFull': 15, 'id': 0, 'flag': 'ACK', 'dataRaw': b''}
06/22/2024 04:23:49 PM - DEBUG: grading1: Received valid frame: {'checksumHex': '0x7cc8', 'length': 49, 'lengthFull': 64, 'id': 0, 'flag': 'EMPTY', 'dataRaw': b'test line 2 fce6aa45-328f-42e3-8c22-9b0811756cbb\n'}
06/22/2024 04:23:49 PM - DEBUG: buildFrame: Built frame with 15 bytes:
06/22/2024 04:23:49 PM - DEBUG: SYNC: dcc023c2
06/22/2024 04:23:49 PM - DEBUG: SYNC: dcc023c2
06/22/2024 04:23:49 PM - DEBUG: Checksum: 0x7ef9
06/22/2024 04:23:49 PM - DEBUG: Length: 0
06/22/2024 04:23:49 PM - DEBUG: ID: 0
06/22/2024 04:23:49 PM - DEBUG: Flags: ACK
06/22/2024 04:23:49 PM - DEBUG: Data HEX: 
06/22/2024 04:23:49 PM - DEBUG: Data ASCII: 

06/22/2024 04:23:49 PM - DEBUG: Sent ACK for ID 0 with ID 0
06/22/2024 04:23:49 PM - DEBUG: buildFrame: Built frame with 48 bytes:
06/22/2024 04:23:49 PM - DEBUG: SYNC: dcc023c2
06/22/2024 04:23:49 PM - DEBUG: SYNC: dcc023c2
06/22/2024 04:23:49 PM - DEBUG: Checksum: 0x3e5f
06/22/2024 04:23:49 PM - DEBUG: Length: 33
06/22/2024 04:23:49 PM - DEBUG: ID: 1
06/22/2024 04:23:49 PM - DEBUG: Flags: EMPTY
06/22/2024 04:23:49 PM - DEBUG: Data HEX: 66376534316136323234376334623139376265666364376661303865383063350a
06/22/2024 04:23:49 PM - DEBUG: Data ASCII: f7e41a62247c4b197befcd7fa08e80c5


06/22/2024 04:23:49 PM - DEBUG: Sent MD5 for ID 0 with ID 1. Message: "test line 2 fce6aa45-328f-42e3-8c22-9b0811756cbb"
06/22/2024 04:23:49 PM - DEBUG: sendFrameAndWaitForACK: Received valid frame: {'checksumHex': '0x7ef8', 'length': 0, 'lengthFull': 15, 'id': 1, 'flag': 'ACK', 'dataRaw': b''}
06/22/2024 04:23:49 PM - DEBUG: grading1: Received valid frame: {'checksumHex': '0x74ff', 'length': 49, 'lengthFull': 64, 'id': 1, 'flag': 'EMPTY', 'dataRaw': b'test line 3 b2710810-9f32-4c27-94b2-ad9707fbd4db\n'}
06/22/2024 04:23:49 PM - DEBUG: buildFrame: Built frame with 15 bytes:
06/22/2024 04:23:49 PM - DEBUG: SYNC: dcc023c2
06/22/2024 04:23:49 PM - DEBUG: SYNC: dcc023c2
06/22/2024 04:23:49 PM - DEBUG: Checksum: 0x7ef8
06/22/2024 04:23:49 PM - DEBUG: Length: 0
06/22/2024 04:23:49 PM - DEBUG: ID: 1
06/22/2024 04:23:49 PM - DEBUG: Flags: ACK
06/22/2024 04:23:49 PM - DEBUG: Data HEX: 
06/22/2024 04:23:49 PM - DEBUG: Data ASCII: 

06/22/2024 04:23:49 PM - DEBUG: Sent ACK for ID 1 with ID 1
06/22/2024 04:23:49 PM - DEBUG: buildFrame: Built frame with 48 bytes:
06/22/2024 04:23:49 PM - DEBUG: SYNC: dcc023c2
06/22/2024 04:23:49 PM - DEBUG: SYNC: dcc023c2
06/22/2024 04:23:49 PM - DEBUG: Checksum: 0x9a11
06/22/2024 04:23:49 PM - DEBUG: Length: 33
06/22/2024 04:23:49 PM - DEBUG: ID: 0
06/22/2024 04:23:49 PM - DEBUG: Flags: EMPTY
06/22/2024 04:23:49 PM - DEBUG: Data HEX: 63616132393862303265353663316163366564623335343936666339643131310a
06/22/2024 04:23:49 PM - DEBUG: Data ASCII: caa298b02e56c1ac6edb35496fc9d111


06/22/2024 04:23:49 PM - DEBUG: Sent MD5 for ID 1 with ID 0. Message: "test line 3 b2710810-9f32-4c27-94b2-ad9707fbd4db"
06/22/2024 04:23:49 PM - DEBUG: sendFrameAndWaitForACK: Received valid frame: {'checksumHex': '0x7ef9', 'length': 0, 'lengthFull': 15, 'id': 0, 'flag': 'ACK', 'dataRaw': b''}
06/22/2024 04:23:50 PM - DEBUG: grading1: Received valid frame: {'checksumHex': '0x42c3', 'length': 49, 'lengthFull': 64, 'id': 0, 'flag': 'EMPTY', 'dataRaw': b'test line 4 2ae1c9ae-a264-485f-85c6-d9d290c3c96a\n'}
06/22/2024 04:23:50 PM - DEBUG: buildFrame: Built frame with 15 bytes:
06/22/2024 04:23:50 PM - DEBUG: SYNC: dcc023c2
06/22/2024 04:23:50 PM - DEBUG: SYNC: dcc023c2
06/22/2024 04:23:50 PM - DEBUG: Checksum: 0x7ef9
06/22/2024 04:23:50 PM - DEBUG: Length: 0
06/22/2024 04:23:50 PM - DEBUG: ID: 0
06/22/2024 04:23:50 PM - DEBUG: Flags: ACK
06/22/2024 04:23:50 PM - DEBUG: Data HEX: 
06/22/2024 04:23:50 PM - DEBUG: Data ASCII: 

06/22/2024 04:23:50 PM - DEBUG: Sent ACK for ID 0 with ID 0
06/22/2024 04:23:50 PM - DEBUG: buildFrame: Built frame with 48 bytes:
06/22/2024 04:23:50 PM - DEBUG: SYNC: dcc023c2
06/22/2024 04:23:50 PM - DEBUG: SYNC: dcc023c2
06/22/2024 04:23:50 PM - DEBUG: Checksum: 0xff5b
06/22/2024 04:23:50 PM - DEBUG: Length: 33
06/22/2024 04:23:50 PM - DEBUG: ID: 1
06/22/2024 04:23:50 PM - DEBUG: Flags: EMPTY
06/22/2024 04:23:50 PM - DEBUG: Data HEX: 38373737643365373264333032376430396162303937333566633263393063350a
06/22/2024 04:23:50 PM - DEBUG: Data ASCII: 8777d3e72d3027d09ab09735fc2c90c5


06/22/2024 04:23:50 PM - DEBUG: Sent MD5 for ID 0 with ID 1. Message: "test line 4 2ae1c9ae-a264-485f-85c6-d9d290c3c96a"
06/22/2024 04:23:50 PM - DEBUG: sendFrameAndWaitForACK: Received valid frame: {'checksumHex': '0x7ef8', 'length': 0, 'lengthFull': 15, 'id': 1, 'flag': 'ACK', 'dataRaw': b''}
06/22/2024 04:23:50 PM - DEBUG: grading1: Received valid frame: {'checksumHex': '0x9d49', 'length': 38, 'lengthFull': 53, 'id': 1, 'flag': 'EMPTY', 'dataRaw': b'entering phase 4 partial message test\n'}
06/22/2024 04:23:50 PM - DEBUG: buildFrame: Built frame with 15 bytes:
06/22/2024 04:23:50 PM - DEBUG: SYNC: dcc023c2
06/22/2024 04:23:50 PM - DEBUG: SYNC: dcc023c2
06/22/2024 04:23:50 PM - DEBUG: Checksum: 0x7ef8
06/22/2024 04:23:50 PM - DEBUG: Length: 0
06/22/2024 04:23:50 PM - DEBUG: ID: 1
06/22/2024 04:23:50 PM - DEBUG: Flags: ACK
06/22/2024 04:23:50 PM - DEBUG: Data HEX: 
06/22/2024 04:23:50 PM - DEBUG: Data ASCII: 

06/22/2024 04:23:50 PM - DEBUG: Sent ACK for ID 1 with ID 1
06/22/2024 04:23:50 PM - DEBUG: buildFrame: Built frame with 48 bytes:
06/22/2024 04:23:50 PM - DEBUG: SYNC: dcc023c2
06/22/2024 04:23:50 PM - DEBUG: SYNC: dcc023c2
06/22/2024 04:23:50 PM - DEBUG: Checksum: 0x44ab
06/22/2024 04:23:50 PM - DEBUG: Length: 33
06/22/2024 04:23:50 PM - DEBUG: ID: 0
06/22/2024 04:23:50 PM - DEBUG: Flags: EMPTY
06/22/2024 04:23:50 PM - DEBUG: Data HEX: 30616163306361303430323438376264366331396261646433333331333637650a
06/22/2024 04:23:50 PM - DEBUG: Data ASCII: 0aac0ca0402487bd6c19badd3331367e


06/22/2024 04:23:50 PM - DEBUG: Sent MD5 for ID 1 with ID 0. Message: "entering phase 4 partial message test"
06/22/2024 04:23:50 PM - DEBUG: sendFrameAndWaitForACK: Received valid frame: {'checksumHex': '0x7ef9', 'length': 0, 'lengthFull': 15, 'id': 0, 'flag': 'ACK', 'dataRaw': b''}
06/22/2024 04:23:51 PM - DEBUG: grading1: Received valid frame: {'checksumHex': '0x24ed', 'length': 5, 'lengthFull': 20, 'id': 0, 'flag': 'EMPTY', 'dataRaw': b'test '}
06/22/2024 04:23:51 PM - DEBUG: buildFrame: Built frame with 15 bytes:
06/22/2024 04:23:51 PM - DEBUG: SYNC: dcc023c2
06/22/2024 04:23:51 PM - DEBUG: SYNC: dcc023c2
06/22/2024 04:23:51 PM - DEBUG: Checksum: 0x7ef9
06/22/2024 04:23:51 PM - DEBUG: Length: 0
06/22/2024 04:23:51 PM - DEBUG: ID: 0
06/22/2024 04:23:51 PM - DEBUG: Flags: ACK
06/22/2024 04:23:51 PM - DEBUG: Data HEX: 
06/22/2024 04:23:51 PM - DEBUG: Data ASCII: 

06/22/2024 04:23:51 PM - DEBUG: Sent ACK for ID 0 with ID 0
06/22/2024 04:23:51 PM - DEBUG: grading1: Received valid frame: {'checksumHex': '0x7092', 'length': 44, 'lengthFull': 59, 'id': 1, 'flag': 'EMPTY', 'dataRaw': b'line 0 ed345580-96d5-4d2e-aba0-a824ab036cd8\n'}
06/22/2024 04:23:51 PM - DEBUG: buildFrame: Built frame with 15 bytes:
06/22/2024 04:23:51 PM - DEBUG: SYNC: dcc023c2
06/22/2024 04:23:51 PM - DEBUG: SYNC: dcc023c2
06/22/2024 04:23:51 PM - DEBUG: Checksum: 0x7ef8
06/22/2024 04:23:51 PM - DEBUG: Length: 0
06/22/2024 04:23:51 PM - DEBUG: ID: 1
06/22/2024 04:23:51 PM - DEBUG: Flags: ACK
06/22/2024 04:23:51 PM - DEBUG: Data HEX: 
06/22/2024 04:23:51 PM - DEBUG: Data ASCII: 

06/22/2024 04:23:51 PM - DEBUG: Sent ACK for ID 1 with ID 1
06/22/2024 04:23:51 PM - DEBUG: buildFrame: Built frame with 48 bytes:
06/22/2024 04:23:51 PM - DEBUG: SYNC: dcc023c2
06/22/2024 04:23:51 PM - DEBUG: SYNC: dcc023c2
06/22/2024 04:23:51 PM - DEBUG: Checksum: 0x9296
06/22/2024 04:23:51 PM - DEBUG: Length: 33
06/22/2024 04:23:51 PM - DEBUG: ID: 1
06/22/2024 04:23:51 PM - DEBUG: Flags: EMPTY
06/22/2024 04:23:51 PM - DEBUG: Data HEX: 61646237616464643330353734363937623634353664393031663834376231360a
06/22/2024 04:23:51 PM - DEBUG: Data ASCII: adb7addd30574697b6456d901f847b16


06/22/2024 04:23:51 PM - DEBUG: Sent MD5 for ID 1 with ID 1. Message: "test line 0 ed345580-96d5-4d2e-aba0-a824ab036cd8"
06/22/2024 04:23:51 PM - DEBUG: sendFrameAndWaitForACK: Received valid frame: {'checksumHex': '0x7ef8', 'length': 0, 'lengthFull': 15, 'id': 1, 'flag': 'ACK', 'dataRaw': b''}
06/22/2024 04:23:51 PM - DEBUG: grading1: Received valid frame: {'checksumHex': '0x24ed', 'length': 5, 'lengthFull': 20, 'id': 0, 'flag': 'EMPTY', 'dataRaw': b'test '}
06/22/2024 04:23:51 PM - DEBUG: buildFrame: Built frame with 15 bytes:
06/22/2024 04:23:51 PM - DEBUG: SYNC: dcc023c2
06/22/2024 04:23:51 PM - DEBUG: SYNC: dcc023c2
06/22/2024 04:23:51 PM - DEBUG: Checksum: 0x7ef9
06/22/2024 04:23:51 PM - DEBUG: Length: 0
06/22/2024 04:23:51 PM - DEBUG: ID: 0
06/22/2024 04:23:51 PM - DEBUG: Flags: ACK
06/22/2024 04:23:51 PM - DEBUG: Data HEX: 
06/22/2024 04:23:51 PM - DEBUG: Data ASCII: 

06/22/2024 04:23:51 PM - DEBUG: Sent ACK for ID 0 with ID 0
06/22/2024 04:23:51 PM - DEBUG: grading1: Received valid frame: {'checksumHex': '0x3775', 'length': 44, 'lengthFull': 59, 'id': 1, 'flag': 'EMPTY', 'dataRaw': b'line 1 23754676-008e-4c0e-ab38-53e6f719f4a9\n'}
06/22/2024 04:23:51 PM - DEBUG: buildFrame: Built frame with 15 bytes:
06/22/2024 04:23:51 PM - DEBUG: SYNC: dcc023c2
06/22/2024 04:23:51 PM - DEBUG: SYNC: dcc023c2
06/22/2024 04:23:51 PM - DEBUG: Checksum: 0x7ef8
06/22/2024 04:23:51 PM - DEBUG: Length: 0
06/22/2024 04:23:51 PM - DEBUG: ID: 1
06/22/2024 04:23:51 PM - DEBUG: Flags: ACK
06/22/2024 04:23:51 PM - DEBUG: Data HEX: 
06/22/2024 04:23:51 PM - DEBUG: Data ASCII: 

06/22/2024 04:23:51 PM - DEBUG: Sent ACK for ID 1 with ID 1
06/22/2024 04:23:51 PM - DEBUG: buildFrame: Built frame with 48 bytes:
06/22/2024 04:23:51 PM - DEBUG: SYNC: dcc023c2
06/22/2024 04:23:51 PM - DEBUG: SYNC: dcc023c2
06/22/2024 04:23:51 PM - DEBUG: Checksum: 0xe99a
06/22/2024 04:23:51 PM - DEBUG: Length: 33
06/22/2024 04:23:51 PM - DEBUG: ID: 0
06/22/2024 04:23:51 PM - DEBUG: Flags: EMPTY
06/22/2024 04:23:51 PM - DEBUG: Data HEX: 36336131353837373261313735316237333164666639393930386565346334350a
06/22/2024 04:23:51 PM - DEBUG: Data ASCII: 63a158772a1751b731dff99908ee4c45


06/22/2024 04:23:51 PM - DEBUG: Sent MD5 for ID 1 with ID 0. Message: "test line 1 23754676-008e-4c0e-ab38-53e6f719f4a9"
06/22/2024 04:23:51 PM - DEBUG: sendFrameAndWaitForACK: Received valid frame: {'checksumHex': '0x7ef9', 'length': 0, 'lengthFull': 15, 'id': 0, 'flag': 'ACK', 'dataRaw': b''}
06/22/2024 04:23:52 PM - DEBUG: grading1: Received valid frame: {'checksumHex': '0x24ed', 'length': 5, 'lengthFull': 20, 'id': 0, 'flag': 'EMPTY', 'dataRaw': b'test '}
06/22/2024 04:23:52 PM - DEBUG: buildFrame: Built frame with 15 bytes:
06/22/2024 04:23:52 PM - DEBUG: SYNC: dcc023c2
06/22/2024 04:23:52 PM - DEBUG: SYNC: dcc023c2
06/22/2024 04:23:52 PM - DEBUG: Checksum: 0x7ef9
06/22/2024 04:23:52 PM - DEBUG: Length: 0
06/22/2024 04:23:52 PM - DEBUG: ID: 0
06/22/2024 04:23:52 PM - DEBUG: Flags: ACK
06/22/2024 04:23:52 PM - DEBUG: Data HEX: 
06/22/2024 04:23:52 PM - DEBUG: Data ASCII: 

06/22/2024 04:23:52 PM - DEBUG: Sent ACK for ID 0 with ID 0
06/22/2024 04:23:52 PM - DEBUG: grading1: Received valid frame: {'checksumHex': '0x2a6a', 'length': 44, 'lengthFull': 59, 'id': 1, 'flag': 'EMPTY', 'dataRaw': b'line 2 fc9a4e6d-a85d-46b5-a53d-3d8c2154bbb9\n'}
06/22/2024 04:23:52 PM - DEBUG: buildFrame: Built frame with 15 bytes:
06/22/2024 04:23:52 PM - DEBUG: SYNC: dcc023c2
06/22/2024 04:23:52 PM - DEBUG: SYNC: dcc023c2
06/22/2024 04:23:52 PM - DEBUG: Checksum: 0x7ef8
06/22/2024 04:23:52 PM - DEBUG: Length: 0
06/22/2024 04:23:52 PM - DEBUG: ID: 1
06/22/2024 04:23:52 PM - DEBUG: Flags: ACK
06/22/2024 04:23:52 PM - DEBUG: Data HEX: 
06/22/2024 04:23:52 PM - DEBUG: Data ASCII: 

06/22/2024 04:23:52 PM - DEBUG: Sent ACK for ID 1 with ID 1
06/22/2024 04:23:52 PM - DEBUG: buildFrame: Built frame with 48 bytes:
06/22/2024 04:23:52 PM - DEBUG: SYNC: dcc023c2
06/22/2024 04:23:52 PM - DEBUG: SYNC: dcc023c2
06/22/2024 04:23:52 PM - DEBUG: Checksum: 0x9491
06/22/2024 04:23:52 PM - DEBUG: Length: 33
06/22/2024 04:23:52 PM - DEBUG: ID: 1
06/22/2024 04:23:52 PM - DEBUG: Flags: EMPTY
06/22/2024 04:23:52 PM - DEBUG: Data HEX: 65393539343363663932356230623262306234393938393237396330623165640a
06/22/2024 04:23:52 PM - DEBUG: Data ASCII: e95943cf925b0b2b0b49989279c0b1ed


06/22/2024 04:23:52 PM - DEBUG: Sent MD5 for ID 1 with ID 1. Message: "test line 2 fc9a4e6d-a85d-46b5-a53d-3d8c2154bbb9"
06/22/2024 04:23:52 PM - DEBUG: sendFrameAndWaitForACK: Received valid frame: {'checksumHex': '0x7ef8', 'length': 0, 'lengthFull': 15, 'id': 1, 'flag': 'ACK', 'dataRaw': b''}
06/22/2024 04:23:53 PM - DEBUG: grading1: Received valid frame: {'checksumHex': '0x24ed', 'length': 5, 'lengthFull': 20, 'id': 0, 'flag': 'EMPTY', 'dataRaw': b'test '}
06/22/2024 04:23:53 PM - DEBUG: buildFrame: Built frame with 15 bytes:
06/22/2024 04:23:53 PM - DEBUG: SYNC: dcc023c2
06/22/2024 04:23:53 PM - DEBUG: SYNC: dcc023c2
06/22/2024 04:23:53 PM - DEBUG: Checksum: 0x7ef9
06/22/2024 04:23:53 PM - DEBUG: Length: 0
06/22/2024 04:23:53 PM - DEBUG: ID: 0
06/22/2024 04:23:53 PM - DEBUG: Flags: ACK
06/22/2024 04:23:53 PM - DEBUG: Data HEX: 
06/22/2024 04:23:53 PM - DEBUG: Data ASCII: 

06/22/2024 04:23:53 PM - DEBUG: Sent ACK for ID 0 with ID 0
06/22/2024 04:23:53 PM - DEBUG: grading1: Received valid frame: {'checksumHex': '0x60a4', 'length': 44, 'lengthFull': 59, 'id': 1, 'flag': 'EMPTY', 'dataRaw': b'line 3 6b528da6-471c-4465-a9b1-4d20cbbd5aa5\n'}
06/22/2024 04:23:53 PM - DEBUG: buildFrame: Built frame with 15 bytes:
06/22/2024 04:23:53 PM - DEBUG: SYNC: dcc023c2
06/22/2024 04:23:53 PM - DEBUG: SYNC: dcc023c2
06/22/2024 04:23:53 PM - DEBUG: Checksum: 0x7ef8
06/22/2024 04:23:53 PM - DEBUG: Length: 0
06/22/2024 04:23:53 PM - DEBUG: ID: 1
06/22/2024 04:23:53 PM - DEBUG: Flags: ACK
06/22/2024 04:23:53 PM - DEBUG: Data HEX: 
06/22/2024 04:23:53 PM - DEBUG: Data ASCII: 

06/22/2024 04:23:53 PM - DEBUG: Sent ACK for ID 1 with ID 1
06/22/2024 04:23:53 PM - DEBUG: buildFrame: Built frame with 48 bytes:
06/22/2024 04:23:53 PM - DEBUG: SYNC: dcc023c2
06/22/2024 04:23:53 PM - DEBUG: SYNC: dcc023c2
06/22/2024 04:23:53 PM - DEBUG: Checksum: 0x383b
06/22/2024 04:23:53 PM - DEBUG: Length: 33
06/22/2024 04:23:53 PM - DEBUG: ID: 0
06/22/2024 04:23:53 PM - DEBUG: Flags: EMPTY
06/22/2024 04:23:53 PM - DEBUG: Data HEX: 66313333313062306635393233643063633163306230356539376236323638370a
06/22/2024 04:23:53 PM - DEBUG: Data ASCII: f13310b0f5923d0cc1c0b05e97b62687


06/22/2024 04:23:53 PM - DEBUG: Sent MD5 for ID 1 with ID 0. Message: "test line 3 6b528da6-471c-4465-a9b1-4d20cbbd5aa5"
06/22/2024 04:23:53 PM - DEBUG: sendFrameAndWaitForACK: Received valid frame: {'checksumHex': '0x7ef9', 'length': 0, 'lengthFull': 15, 'id': 0, 'flag': 'ACK', 'dataRaw': b''}
06/22/2024 04:23:53 PM - DEBUG: grading1: Received valid frame: {'checksumHex': '0x24ed', 'length': 5, 'lengthFull': 20, 'id': 0, 'flag': 'EMPTY', 'dataRaw': b'test '}
06/22/2024 04:23:53 PM - DEBUG: buildFrame: Built frame with 15 bytes:
06/22/2024 04:23:53 PM - DEBUG: SYNC: dcc023c2
06/22/2024 04:23:53 PM - DEBUG: SYNC: dcc023c2
06/22/2024 04:23:53 PM - DEBUG: Checksum: 0x7ef9
06/22/2024 04:23:53 PM - DEBUG: Length: 0
06/22/2024 04:23:53 PM - DEBUG: ID: 0
06/22/2024 04:23:53 PM - DEBUG: Flags: ACK
06/22/2024 04:23:53 PM - DEBUG: Data HEX: 
06/22/2024 04:23:53 PM - DEBUG: Data ASCII: 

06/22/2024 04:23:53 PM - DEBUG: Sent ACK for ID 0 with ID 0
06/22/2024 04:23:53 PM - DEBUG: grading1: Received valid frame: {'checksumHex': '0xb61a', 'length': 44, 'lengthFull': 59, 'id': 1, 'flag': 'EMPTY', 'dataRaw': b'line 4 66e3607a-a346-49ee-aef6-497919635710\n'}
06/22/2024 04:23:53 PM - DEBUG: buildFrame: Built frame with 15 bytes:
06/22/2024 04:23:53 PM - DEBUG: SYNC: dcc023c2
06/22/2024 04:23:53 PM - DEBUG: SYNC: dcc023c2
06/22/2024 04:23:53 PM - DEBUG: Checksum: 0x7ef8
06/22/2024 04:23:53 PM - DEBUG: Length: 0
06/22/2024 04:23:53 PM - DEBUG: ID: 1
06/22/2024 04:23:53 PM - DEBUG: Flags: ACK
06/22/2024 04:23:53 PM - DEBUG: Data HEX: 
06/22/2024 04:23:53 PM - DEBUG: Data ASCII: 

06/22/2024 04:23:53 PM - DEBUG: Sent ACK for ID 1 with ID 1
06/22/2024 04:23:53 PM - DEBUG: buildFrame: Built frame with 48 bytes:
06/22/2024 04:23:53 PM - DEBUG: SYNC: dcc023c2
06/22/2024 04:23:53 PM - DEBUG: SYNC: dcc023c2
06/22/2024 04:23:53 PM - DEBUG: Checksum: 0xc931
06/22/2024 04:23:53 PM - DEBUG: Length: 33
06/22/2024 04:23:53 PM - DEBUG: ID: 1
06/22/2024 04:23:53 PM - DEBUG: Flags: EMPTY
06/22/2024 04:23:53 PM - DEBUG: Data HEX: 36336534396637303633616262396530303936656166333139663131653166390a
06/22/2024 04:23:53 PM - DEBUG: Data ASCII: 63e49f7063abb9e0096eaf319f11e1f9


06/22/2024 04:23:53 PM - DEBUG: Sent MD5 for ID 1 with ID 1. Message: "test line 4 66e3607a-a346-49ee-aef6-497919635710"
06/22/2024 04:23:53 PM - DEBUG: sendFrameAndWaitForACK: Received valid frame: {'checksumHex': '0x7ef8', 'length': 0, 'lengthFull': 15, 'id': 1, 'flag': 'ACK', 'dataRaw': b''}
06/22/2024 04:23:54 PM - DEBUG: grading1: Received valid frame: {'checksumHex': '0xe382', 'length': 39, 'lengthFull': 54, 'id': 0, 'flag': 'EMPTY', 'dataRaw': b'entering phase 5 multiple message test\n'}
06/22/2024 04:23:54 PM - DEBUG: buildFrame: Built frame with 15 bytes:
06/22/2024 04:23:54 PM - DEBUG: SYNC: dcc023c2
06/22/2024 04:23:54 PM - DEBUG: SYNC: dcc023c2
06/22/2024 04:23:54 PM - DEBUG: Checksum: 0x7ef9
06/22/2024 04:23:54 PM - DEBUG: Length: 0
06/22/2024 04:23:54 PM - DEBUG: ID: 0
06/22/2024 04:23:54 PM - DEBUG: Flags: ACK
06/22/2024 04:23:54 PM - DEBUG: Data HEX: 
06/22/2024 04:23:54 PM - DEBUG: Data ASCII: 

06/22/2024 04:23:54 PM - DEBUG: Sent ACK for ID 0 with ID 0
06/22/2024 04:23:54 PM - DEBUG: buildFrame: Built frame with 48 bytes:
06/22/2024 04:23:54 PM - DEBUG: SYNC: dcc023c2
06/22/2024 04:23:54 PM - DEBUG: SYNC: dcc023c2
06/22/2024 04:23:54 PM - DEBUG: Checksum: 0x80ca
06/22/2024 04:23:54 PM - DEBUG: Length: 33
06/22/2024 04:23:54 PM - DEBUG: ID: 0
06/22/2024 04:23:54 PM - DEBUG: Flags: EMPTY
06/22/2024 04:23:54 PM - DEBUG: Data HEX: 35626231653933626633323132653361393031383233656232623932333035610a
06/22/2024 04:23:54 PM - DEBUG: Data ASCII: 5bb1e93bf3212e3a901823eb2b92305a


06/22/2024 04:23:54 PM - DEBUG: Sent MD5 for ID 0 with ID 0. Message: "entering phase 5 multiple message test"
06/22/2024 04:23:54 PM - DEBUG: sendFrameAndWaitForACK: Received valid frame: {'checksumHex': '0x7ef9', 'length': 0, 'lengthFull': 15, 'id': 0, 'flag': 'ACK', 'dataRaw': b''}
06/22/2024 04:23:54 PM - DEBUG: grading1: Received valid frame: {'checksumHex': '0x243f', 'length': 100, 'lengthFull': 115, 'id': 1, 'flag': 'EMPTY', 'dataRaw': b'test line 0a 016dabc4-e6b6-4948-9884-4d51241887b5\ntest line 0b 2d1d5254-9644-4940-9b59-51cfc11d5913\n'}
06/22/2024 04:23:54 PM - DEBUG: buildFrame: Built frame with 15 bytes:
06/22/2024 04:23:54 PM - DEBUG: SYNC: dcc023c2
06/22/2024 04:23:54 PM - DEBUG: SYNC: dcc023c2
06/22/2024 04:23:54 PM - DEBUG: Checksum: 0x7ef8
06/22/2024 04:23:54 PM - DEBUG: Length: 0
06/22/2024 04:23:54 PM - DEBUG: ID: 1
06/22/2024 04:23:54 PM - DEBUG: Flags: ACK
06/22/2024 04:23:54 PM - DEBUG: Data HEX: 
06/22/2024 04:23:54 PM - DEBUG: Data ASCII: 

06/22/2024 04:23:54 PM - DEBUG: Sent ACK for ID 1 with ID 1
06/22/2024 04:23:54 PM - DEBUG: buildFrame: Built frame with 48 bytes:
06/22/2024 04:23:54 PM - DEBUG: SYNC: dcc023c2
06/22/2024 04:23:54 PM - DEBUG: SYNC: dcc023c2
06/22/2024 04:23:54 PM - DEBUG: Checksum: 0x8c17
06/22/2024 04:23:54 PM - DEBUG: Length: 33
06/22/2024 04:23:54 PM - DEBUG: ID: 1
06/22/2024 04:23:54 PM - DEBUG: Flags: EMPTY
06/22/2024 04:23:54 PM - DEBUG: Data HEX: 32326439326262383034343535616238623964323436656536633064633765630a
06/22/2024 04:23:54 PM - DEBUG: Data ASCII: 22d92bb804455ab8b9d246ee6c0dc7ec


06/22/2024 04:23:54 PM - DEBUG: Sent MD5 for ID 1 with ID 1. Message: "test line 0a 016dabc4-e6b6-4948-9884-4d51241887b5"
06/22/2024 04:23:54 PM - DEBUG: sendFrameAndWaitForACK: Received valid frame: {'checksumHex': '0x7ef8', 'length': 0, 'lengthFull': 15, 'id': 1, 'flag': 'ACK', 'dataRaw': b''}
06/22/2024 04:23:54 PM - DEBUG: buildFrame: Built frame with 48 bytes:
06/22/2024 04:23:54 PM - DEBUG: SYNC: dcc023c2
06/22/2024 04:23:54 PM - DEBUG: SYNC: dcc023c2
06/22/2024 04:23:54 PM - DEBUG: Checksum: 0x66dd
06/22/2024 04:23:54 PM - DEBUG: Length: 33
06/22/2024 04:23:54 PM - DEBUG: ID: 0
06/22/2024 04:23:54 PM - DEBUG: Flags: EMPTY
06/22/2024 04:23:54 PM - DEBUG: Data HEX: 36353335616337613365646162626339366633346431663562666437613536320a
06/22/2024 04:23:54 PM - DEBUG: Data ASCII: 6535ac7a3edabbc96f34d1f5bfd7a562


06/22/2024 04:23:54 PM - DEBUG: Sent MD5 for ID 1 with ID 0. Message: "test line 0b 2d1d5254-9644-4940-9b59-51cfc11d5913"
06/22/2024 04:23:54 PM - DEBUG: sendFrameAndWaitForACK: Received valid frame: {'checksumHex': '0x7ef9', 'length': 0, 'lengthFull': 15, 'id': 0, 'flag': 'ACK', 'dataRaw': b''}
06/22/2024 04:23:55 PM - DEBUG: grading1: Received valid frame: {'checksumHex': '0x8955', 'length': 100, 'lengthFull': 115, 'id': 0, 'flag': 'EMPTY', 'dataRaw': b'test line 1a 18506727-4d95-4cc4-862b-733b30dae4dc\ntest line 1b d2620706-07f6-4b7f-99d2-2097c3d26b28\n'}
06/22/2024 04:23:55 PM - DEBUG: buildFrame: Built frame with 15 bytes:
06/22/2024 04:23:55 PM - DEBUG: SYNC: dcc023c2
06/22/2024 04:23:55 PM - DEBUG: SYNC: dcc023c2
06/22/2024 04:23:55 PM - DEBUG: Checksum: 0x7ef9
06/22/2024 04:23:55 PM - DEBUG: Length: 0
06/22/2024 04:23:55 PM - DEBUG: ID: 0
06/22/2024 04:23:55 PM - DEBUG: Flags: ACK
06/22/2024 04:23:55 PM - DEBUG: Data HEX: 
06/22/2024 04:23:55 PM - DEBUG: Data ASCII: 

06/22/2024 04:23:55 PM - DEBUG: Sent ACK for ID 0 with ID 0
06/22/2024 04:23:55 PM - DEBUG: buildFrame: Built frame with 48 bytes:
06/22/2024 04:23:55 PM - DEBUG: SYNC: dcc023c2
06/22/2024 04:23:55 PM - DEBUG: SYNC: dcc023c2
06/22/2024 04:23:55 PM - DEBUG: Checksum: 0xc05e
06/22/2024 04:23:55 PM - DEBUG: Length: 33
06/22/2024 04:23:55 PM - DEBUG: ID: 1
06/22/2024 04:23:55 PM - DEBUG: Flags: EMPTY
06/22/2024 04:23:55 PM - DEBUG: Data HEX: 64663834653834316365393539323730306634386436643864643235376131350a
06/22/2024 04:23:55 PM - DEBUG: Data ASCII: df84e841ce9592700f48d6d8dd257a15


06/22/2024 04:23:55 PM - DEBUG: Sent MD5 for ID 0 with ID 1. Message: "test line 1a 18506727-4d95-4cc4-862b-733b30dae4dc"
06/22/2024 04:23:55 PM - DEBUG: sendFrameAndWaitForACK: Received valid frame: {'checksumHex': '0x7ef8', 'length': 0, 'lengthFull': 15, 'id': 1, 'flag': 'ACK', 'dataRaw': b''}
06/22/2024 04:23:55 PM - DEBUG: buildFrame: Built frame with 48 bytes:
06/22/2024 04:23:55 PM - DEBUG: SYNC: dcc023c2
06/22/2024 04:23:55 PM - DEBUG: SYNC: dcc023c2
06/22/2024 04:23:55 PM - DEBUG: Checksum: 0xc7b0
06/22/2024 04:23:55 PM - DEBUG: Length: 33
06/22/2024 04:23:55 PM - DEBUG: ID: 0
06/22/2024 04:23:55 PM - DEBUG: Flags: EMPTY
06/22/2024 04:23:55 PM - DEBUG: Data HEX: 37616662353737313933366632343936353930366532666336376363353039370a
06/22/2024 04:23:55 PM - DEBUG: Data ASCII: 7afb5771936f24965906e2fc67cc5097


06/22/2024 04:23:55 PM - DEBUG: Sent MD5 for ID 0 with ID 0. Message: "test line 1b d2620706-07f6-4b7f-99d2-2097c3d26b28"
06/22/2024 04:23:55 PM - DEBUG: sendFrameAndWaitForACK: Received valid frame: {'checksumHex': '0x7ef9', 'length': 0, 'lengthFull': 15, 'id': 0, 'flag': 'ACK', 'dataRaw': b''}
06/22/2024 04:23:55 PM - DEBUG: grading1: Received valid frame: {'checksumHex': '0x646c', 'length': 100, 'lengthFull': 115, 'id': 1, 'flag': 'EMPTY', 'dataRaw': b'test line 2a ab611212-d24b-4067-8887-b46c5de5b968\ntest line 2b 514d44ae-4695-4c57-8af6-a2e2c8694901\n'}
06/22/2024 04:23:55 PM - DEBUG: buildFrame: Built frame with 15 bytes:
06/22/2024 04:23:55 PM - DEBUG: SYNC: dcc023c2
06/22/2024 04:23:55 PM - DEBUG: SYNC: dcc023c2
06/22/2024 04:23:55 PM - DEBUG: Checksum: 0x7ef8
06/22/2024 04:23:55 PM - DEBUG: Length: 0
06/22/2024 04:23:55 PM - DEBUG: ID: 1
06/22/2024 04:23:55 PM - DEBUG: Flags: ACK
06/22/2024 04:23:55 PM - DEBUG: Data HEX: 
06/22/2024 04:23:55 PM - DEBUG: Data ASCII: 

06/22/2024 04:23:55 PM - DEBUG: Sent ACK for ID 1 with ID 1
06/22/2024 04:23:55 PM - DEBUG: buildFrame: Built frame with 48 bytes:
06/22/2024 04:23:55 PM - DEBUG: SYNC: dcc023c2
06/22/2024 04:23:55 PM - DEBUG: SYNC: dcc023c2
06/22/2024 04:23:55 PM - DEBUG: Checksum: 0xc522
06/22/2024 04:23:55 PM - DEBUG: Length: 33
06/22/2024 04:23:55 PM - DEBUG: ID: 1
06/22/2024 04:23:55 PM - DEBUG: Flags: EMPTY
06/22/2024 04:23:55 PM - DEBUG: Data HEX: 35383762363161323636383936643366343330383930306436356333353832610a
06/22/2024 04:23:55 PM - DEBUG: Data ASCII: 587b61a266896d3f4308900d65c3582a


06/22/2024 04:23:55 PM - DEBUG: Sent MD5 for ID 1 with ID 1. Message: "test line 2a ab611212-d24b-4067-8887-b46c5de5b968"
06/22/2024 04:23:55 PM - DEBUG: sendFrameAndWaitForACK: Received valid frame: {'checksumHex': '0x7ef8', 'length': 0, 'lengthFull': 15, 'id': 1, 'flag': 'ACK', 'dataRaw': b''}
06/22/2024 04:23:55 PM - DEBUG: buildFrame: Built frame with 48 bytes:
06/22/2024 04:23:55 PM - DEBUG: SYNC: dcc023c2
06/22/2024 04:23:55 PM - DEBUG: SYNC: dcc023c2
06/22/2024 04:23:55 PM - DEBUG: Checksum: 0x6b3a
06/22/2024 04:23:55 PM - DEBUG: Length: 33
06/22/2024 04:23:55 PM - DEBUG: ID: 0
06/22/2024 04:23:55 PM - DEBUG: Flags: EMPTY
06/22/2024 04:23:55 PM - DEBUG: Data HEX: 63373565663261373661633861323030376134666332356335613564383562390a
06/22/2024 04:23:55 PM - DEBUG: Data ASCII: c75ef2a76ac8a2007a4fc25c5a5d85b9


06/22/2024 04:23:55 PM - DEBUG: Sent MD5 for ID 1 with ID 0. Message: "test line 2b 514d44ae-4695-4c57-8af6-a2e2c8694901"
06/22/2024 04:23:55 PM - DEBUG: sendFrameAndWaitForACK: Received valid frame: {'checksumHex': '0x7ef9', 'length': 0, 'lengthFull': 15, 'id': 0, 'flag': 'ACK', 'dataRaw': b''}
06/22/2024 04:23:56 PM - DEBUG: grading1: Received valid frame: {'checksumHex': '0x98ed', 'length': 100, 'lengthFull': 115, 'id': 0, 'flag': 'EMPTY', 'dataRaw': b'test line 3a 14794656-2c5e-4d7f-a887-c988faabcbd0\ntest line 3b d24513f8-31cd-4a57-9ddc-d15560ba482a\n'}
06/22/2024 04:23:56 PM - DEBUG: buildFrame: Built frame with 15 bytes:
06/22/2024 04:23:56 PM - DEBUG: SYNC: dcc023c2
06/22/2024 04:23:56 PM - DEBUG: SYNC: dcc023c2
06/22/2024 04:23:56 PM - DEBUG: Checksum: 0x7ef9
06/22/2024 04:23:56 PM - DEBUG: Length: 0
06/22/2024 04:23:56 PM - DEBUG: ID: 0
06/22/2024 04:23:56 PM - DEBUG: Flags: ACK
06/22/2024 04:23:56 PM - DEBUG: Data HEX: 
06/22/2024 04:23:56 PM - DEBUG: Data ASCII: 

06/22/2024 04:23:56 PM - DEBUG: Sent ACK for ID 0 with ID 0
06/22/2024 04:23:56 PM - DEBUG: buildFrame: Built frame with 48 bytes:
06/22/2024 04:23:56 PM - DEBUG: SYNC: dcc023c2
06/22/2024 04:23:56 PM - DEBUG: SYNC: dcc023c2
06/22/2024 04:23:56 PM - DEBUG: Checksum: 0x83f4
06/22/2024 04:23:56 PM - DEBUG: Length: 33
06/22/2024 04:23:56 PM - DEBUG: ID: 1
06/22/2024 04:23:56 PM - DEBUG: Flags: EMPTY
06/22/2024 04:23:56 PM - DEBUG: Data HEX: 61376461356564343766396263396462323766656635623739353635383739390a
06/22/2024 04:23:56 PM - DEBUG: Data ASCII: a7da5ed47f9bc9db27fef5b795658799


06/22/2024 04:23:56 PM - DEBUG: Sent MD5 for ID 0 with ID 1. Message: "test line 3a 14794656-2c5e-4d7f-a887-c988faabcbd0"
06/22/2024 04:23:56 PM - DEBUG: sendFrameAndWaitForACK: Received valid frame: {'checksumHex': '0x7ef8', 'length': 0, 'lengthFull': 15, 'id': 1, 'flag': 'ACK', 'dataRaw': b''}
06/22/2024 04:23:56 PM - DEBUG: buildFrame: Built frame with 48 bytes:
06/22/2024 04:23:56 PM - DEBUG: SYNC: dcc023c2
06/22/2024 04:23:56 PM - DEBUG: SYNC: dcc023c2
06/22/2024 04:23:56 PM - DEBUG: Checksum: 0xed40
06/22/2024 04:23:56 PM - DEBUG: Length: 33
06/22/2024 04:23:56 PM - DEBUG: ID: 0
06/22/2024 04:23:56 PM - DEBUG: Flags: EMPTY
06/22/2024 04:23:56 PM - DEBUG: Data HEX: 33303165356338636662646563366161663239613162613062323431306633660a
06/22/2024 04:23:56 PM - DEBUG: Data ASCII: 301e5c8cfbdec6aaf29a1ba0b2410f3f


06/22/2024 04:23:56 PM - DEBUG: Sent MD5 for ID 0 with ID 0. Message: "test line 3b d24513f8-31cd-4a57-9ddc-d15560ba482a"
06/22/2024 04:23:56 PM - DEBUG: sendFrameAndWaitForACK: Received valid frame: {'checksumHex': '0x7ef9', 'length': 0, 'lengthFull': 15, 'id': 0, 'flag': 'ACK', 'dataRaw': b''}
06/22/2024 04:23:56 PM - DEBUG: grading1: Received valid frame: {'checksumHex': '0xeee8', 'length': 100, 'lengthFull': 115, 'id': 1, 'flag': 'EMPTY', 'dataRaw': b'test line 4a c91bca89-2332-404c-8912-8fce3a58e218\ntest line 4b 5a95b354-1083-4cd2-88f0-7de5745a0618\n'}
06/22/2024 04:23:56 PM - DEBUG: buildFrame: Built frame with 15 bytes:
06/22/2024 04:23:56 PM - DEBUG: SYNC: dcc023c2
06/22/2024 04:23:56 PM - DEBUG: SYNC: dcc023c2
06/22/2024 04:23:56 PM - DEBUG: Checksum: 0x7ef8
06/22/2024 04:23:56 PM - DEBUG: Length: 0
06/22/2024 04:23:56 PM - DEBUG: ID: 1
06/22/2024 04:23:56 PM - DEBUG: Flags: ACK
06/22/2024 04:23:56 PM - DEBUG: Data HEX: 
06/22/2024 04:23:56 PM - DEBUG: Data ASCII: 

06/22/2024 04:23:56 PM - DEBUG: Sent ACK for ID 1 with ID 1
06/22/2024 04:23:56 PM - DEBUG: buildFrame: Built frame with 48 bytes:
06/22/2024 04:23:56 PM - DEBUG: SYNC: dcc023c2
06/22/2024 04:23:56 PM - DEBUG: SYNC: dcc023c2
06/22/2024 04:23:56 PM - DEBUG: Checksum: 0x40eb
06/22/2024 04:23:56 PM - DEBUG: Length: 33
06/22/2024 04:23:56 PM - DEBUG: ID: 1
06/22/2024 04:23:56 PM - DEBUG: Flags: EMPTY
06/22/2024 04:23:56 PM - DEBUG: Data HEX: 62366236396233633139366339383961373231303033386338626262376434340a
06/22/2024 04:23:56 PM - DEBUG: Data ASCII: b6b69b3c196c989a7210038c8bbb7d44


06/22/2024 04:23:56 PM - DEBUG: Sent MD5 for ID 1 with ID 1. Message: "test line 4a c91bca89-2332-404c-8912-8fce3a58e218"
06/22/2024 04:23:56 PM - DEBUG: sendFrameAndWaitForACK: Received valid frame: {'checksumHex': '0x7ef8', 'length': 0, 'lengthFull': 15, 'id': 1, 'flag': 'ACK', 'dataRaw': b''}
06/22/2024 04:23:56 PM - DEBUG: buildFrame: Built frame with 48 bytes:
06/22/2024 04:23:56 PM - DEBUG: SYNC: dcc023c2
06/22/2024 04:23:56 PM - DEBUG: SYNC: dcc023c2
06/22/2024 04:23:56 PM - DEBUG: Checksum: 0x88ce
06/22/2024 04:23:56 PM - DEBUG: Length: 33
06/22/2024 04:23:56 PM - DEBUG: ID: 0
06/22/2024 04:23:56 PM - DEBUG: Flags: EMPTY
06/22/2024 04:23:56 PM - DEBUG: Data HEX: 34393037366665366439303034363163393930316133356435653539666235630a
06/22/2024 04:23:56 PM - DEBUG: Data ASCII: 49076fe6d900461c9901a35d5e59fb5c


06/22/2024 04:23:56 PM - DEBUG: Sent MD5 for ID 1 with ID 0. Message: "test line 4b 5a95b354-1083-4cd2-88f0-7de5745a0618"
06/22/2024 04:23:56 PM - DEBUG: sendFrameAndWaitForACK: Received valid frame: {'checksumHex': '0x7ef9', 'length': 0, 'lengthFull': 15, 'id': 0, 'flag': 'ACK', 'dataRaw': b''}
06/22/2024 04:23:57 PM - DEBUG: grading1: Received valid frame: {'checksumHex': '0xbef9', 'length': 0, 'lengthFull': 15, 'id': 0, 'flag': 'END', 'dataRaw': b''}
06/22/2024 04:23:57 PM - DEBUG: buildFrame: Built frame with 15 bytes:
06/22/2024 04:23:57 PM - DEBUG: SYNC: dcc023c2
06/22/2024 04:23:57 PM - DEBUG: SYNC: dcc023c2
06/22/2024 04:23:57 PM - DEBUG: Checksum: 0x7ef9
06/22/2024 04:23:57 PM - DEBUG: Length: 0
06/22/2024 04:23:57 PM - DEBUG: ID: 0
06/22/2024 04:23:57 PM - DEBUG: Flags: ACK
06/22/2024 04:23:57 PM - DEBUG: Data HEX: 
06/22/2024 04:23:57 PM - DEBUG: Data ASCII: 

06/22/2024 04:23:57 PM - DEBUG: Sent ACK for ID 0 with ID 0
06/22/2024 04:23:57 PM - INFO: Grading 1 complete. Exiting...
