06/25/2024 11:37:49 PM - DEBUG: sendFrameAndWaitForACK: Sending frame: {'checksumHex': '0x101d', 'length': 299, 'lengthFull': 314, 'id': 0, 'flag': 'EMPTY', 'dataRaw': b'2021031629:4:1bfb00806dfff00860f34f39494a2f6fd1904ed29f9eab7bdf044dca28364e1e+2021031726:4:04ffa8a7b4c42f5c6715514d6b1c90ee8105a85cd328af27ff1edb01ca7124a2+2021096887:4:408100f3ec730df91c5d2493ff1284f7234ec552c9a22e374cdf75cc490463dd+52ba0d0028eae2a34eae7fc3db5f60898de3817245d834976e7d8938aae7d86e\n'}
06/25/2024 11:37:49 PM - DEBUG: receiveAndCheckFrame: Received valid frame: {'checksumHex': '0x7ef9', 'length': 0, 'lengthFull': 15, 'id': 0, 'flag': 'ACK', 'dataRaw': b''}
06/25/2024 11:37:49 PM - DEBUG: sendFrameAndWaitForACK: Received ACK for ID 0
06/25/2024 11:37:49 PM - DEBUG: receiveAndCheckFrame: Received valid frame: {'checksumHex': '0x5420', 'length': 24, 'lengthFull': 39, 'id': 0, 'flag': 'EMPTY', 'dataRaw': b'authentication complete\n'}
06/25/2024 11:37:49 PM - DEBUG: sendACK: Sending ACK for ID 0
06/25/2024 11:37:49 PM - DEBUG: grading1: Sending MD5 for ID 0 with ID 1. MD5 for: "authentication complete"
06/25/2024 11:37:49 PM - DEBUG: sendFrameAndWaitForACK: Sending frame: {'checksumHex': '0xec43', 'length': 33, 'lengthFull': 48, 'id': 1, 'flag': 'EMPTY', 'dataRaw': b'edd3c754e806161fdec0351779931db1\n'}
06/25/2024 11:37:49 PM - DEBUG: receiveAndCheckFrame: Received valid frame: {'checksumHex': '0x7ef8', 'length': 0, 'lengthFull': 15, 'id': 1, 'flag': 'ACK', 'dataRaw': b''}
06/25/2024 11:37:49 PM - DEBUG: sendFrameAndWaitForACK: Received ACK for ID 1
06/25/2024 11:37:49 PM - DEBUG: receiveAndCheckFrame: Received valid frame: {'checksumHex': '0xf206', 'length': 17, 'lengthFull': 32, 'id': 1, 'flag': 'EMPTY', 'dataRaw': b'entering phase 1\n'}
06/25/2024 11:37:49 PM - DEBUG: sendACK: Sending ACK for ID 1
06/25/2024 11:37:49 PM - DEBUG: grading1: Sending MD5 for ID 1 with ID 0. MD5 for: "entering phase 1"
06/25/2024 11:37:49 PM - DEBUG: sendFrameAndWaitForACK: Sending frame: {'checksumHex': '0xffd1', 'length': 33, 'lengthFull': 48, 'id': 0, 'flag': 'EMPTY', 'dataRaw': b'729913ce41ad801238a23022341f47fd\n'}
06/25/2024 11:37:49 PM - DEBUG: receiveAndCheckFrame: Received valid frame: {'checksumHex': '0x7ef9', 'length': 0, 'lengthFull': 15, 'id': 0, 'flag': 'ACK', 'dataRaw': b''}
06/25/2024 11:37:49 PM - DEBUG: sendFrameAndWaitForACK: Received ACK for ID 0
06/25/2024 11:37:50 PM - DEBUG: receiveAndCheckFrame: Received valid frame: {'checksumHex': '0x4457', 'length': 49, 'lengthFull': 64, 'id': 0, 'flag': 'EMPTY', 'dataRaw': b'test line 0 62dee146-1821-4f15-b577-87e64c2ebe08\n'}
06/25/2024 11:37:50 PM - DEBUG: sendACK: Sending ACK for ID 0
06/25/2024 11:37:50 PM - DEBUG: grading1: Sending MD5 for ID 0 with ID 1. MD5 for: "test line 0 62dee146-1821-4f15-b577-87e64c2ebe08"
06/25/2024 11:37:50 PM - DEBUG: sendFrameAndWaitForACK: Sending frame: {'checksumHex': '0xced3', 'length': 33, 'lengthFull': 48, 'id': 1, 'flag': 'EMPTY', 'dataRaw': b'901348ff871c8800b40dc22527ab007a\n'}
06/25/2024 11:37:50 PM - DEBUG: receiveAndCheckFrame: Received valid frame: {'checksumHex': '0x7ef8', 'length': 0, 'lengthFull': 15, 'id': 1, 'flag': 'ACK', 'dataRaw': b''}
06/25/2024 11:37:50 PM - DEBUG: sendFrameAndWaitForACK: Received ACK for ID 1
06/25/2024 11:37:50 PM - DEBUG: receiveAndCheckFrame: Received valid frame: {'checksumHex': '0xbbf4', 'length': 49, 'lengthFull': 64, 'id': 1, 'flag': 'EMPTY', 'dataRaw': b'test line 1 2c6b8e15-c5c9-45fe-a27c-c6ec023dc3f6\n'}
06/25/2024 11:37:50 PM - DEBUG: sendACK: Sending ACK for ID 1
06/25/2024 11:37:50 PM - DEBUG: grading1: Sending MD5 for ID 1 with ID 0. MD5 for: "test line 1 2c6b8e15-c5c9-45fe-a27c-c6ec023dc3f6"
06/25/2024 11:37:50 PM - DEBUG: sendFrameAndWaitForACK: Sending frame: {'checksumHex': '0xa849', 'length': 33, 'lengthFull': 48, 'id': 0, 'flag': 'EMPTY', 'dataRaw': b'7280bd451ddfbbc509c0a40b102190bf\n'}
06/25/2024 11:37:50 PM - DEBUG: receiveAndCheckFrame: Received valid frame: {'checksumHex': '0x7ef9', 'length': 0, 'lengthFull': 15, 'id': 0, 'flag': 'ACK', 'dataRaw': b''}
06/25/2024 11:37:50 PM - DEBUG: sendFrameAndWaitForACK: Received ACK for ID 0
06/25/2024 11:37:50 PM - DEBUG: receiveAndCheckFrame: Received valid frame: {'checksumHex': '0x903a', 'length': 49, 'lengthFull': 64, 'id': 0, 'flag': 'EMPTY', 'dataRaw': b'test line 2 80323241-f23d-430b-9be2-bf02ba31e010\n'}
06/25/2024 11:37:50 PM - DEBUG: sendACK: Sending ACK for ID 0
06/25/2024 11:37:50 PM - DEBUG: grading1: Sending MD5 for ID 0 with ID 1. MD5 for: "test line 2 80323241-f23d-430b-9be2-bf02ba31e010"
06/25/2024 11:37:50 PM - DEBUG: sendFrameAndWaitForACK: Sending frame: {'checksumHex': '0x64a0', 'length': 33, 'lengthFull': 48, 'id': 1, 'flag': 'EMPTY', 'dataRaw': b'33827cd6dd56a802bf259d01082eef5a\n'}
06/25/2024 11:37:50 PM - DEBUG: receiveAndCheckFrame: Received valid frame: {'checksumHex': '0x7ef8', 'length': 0, 'lengthFull': 15, 'id': 1, 'flag': 'ACK', 'dataRaw': b''}
06/25/2024 11:37:50 PM - DEBUG: sendFrameAndWaitForACK: Received ACK for ID 1
06/25/2024 11:37:50 PM - DEBUG: receiveAndCheckFrame: Received valid frame: {'checksumHex': '0x4b80', 'length': 49, 'lengthFull': 64, 'id': 1, 'flag': 'EMPTY', 'dataRaw': b'test line 3 449fb429-0ac5-4d37-ac48-29769b20137b\n'}
06/25/2024 11:37:50 PM - DEBUG: sendACK: Sending ACK for ID 1
06/25/2024 11:37:50 PM - DEBUG: grading1: Sending MD5 for ID 1 with ID 0. MD5 for: "test line 3 449fb429-0ac5-4d37-ac48-29769b20137b"
06/25/2024 11:37:50 PM - DEBUG: sendFrameAndWaitForACK: Sending frame: {'checksumHex': '0x14', 'length': 33, 'lengthFull': 48, 'id': 0, 'flag': 'EMPTY', 'dataRaw': b'f4ccb00d41c050d6d5aec8275432634f\n'}
06/25/2024 11:37:50 PM - DEBUG: receiveAndCheckFrame: Received valid frame: {'checksumHex': '0x7ef9', 'length': 0, 'lengthFull': 15, 'id': 0, 'flag': 'ACK', 'dataRaw': b''}
06/25/2024 11:37:50 PM - DEBUG: sendFrameAndWaitForACK: Received ACK for ID 0
06/25/2024 11:37:50 PM - DEBUG: receiveAndCheckFrame: Received valid frame: {'checksumHex': '0xd6c4', 'length': 49, 'lengthFull': 64, 'id': 0, 'flag': 'EMPTY', 'dataRaw': b'test line 4 08d97780-38bb-485c-9133-cdd2a283d2c3\n'}
06/25/2024 11:37:50 PM - DEBUG: sendACK: Sending ACK for ID 0
06/25/2024 11:37:50 PM - DEBUG: grading1: Sending MD5 for ID 0 with ID 1. MD5 for: "test line 4 08d97780-38bb-485c-9133-cdd2a283d2c3"
06/25/2024 11:37:50 PM - DEBUG: sendFrameAndWaitForACK: Sending frame: {'checksumHex': '0x70ea', 'length': 33, 'lengthFull': 48, 'id': 1, 'flag': 'EMPTY', 'dataRaw': b'030378f402eae4de00cefce91b0cdca2\n'}
06/25/2024 11:37:50 PM - DEBUG: receiveAndCheckFrame: Received valid frame: {'checksumHex': '0x7ef8', 'length': 0, 'lengthFull': 15, 'id': 1, 'flag': 'ACK', 'dataRaw': b''}
06/25/2024 11:37:50 PM - DEBUG: sendFrameAndWaitForACK: Received ACK for ID 1
06/25/2024 11:37:50 PM - DEBUG: receiveAndCheckFrame: Received valid frame: {'checksumHex': '0xeeeb', 'length': 37, 'lengthFull': 52, 'id': 1, 'flag': 'EMPTY', 'dataRaw': b'entering phase 2 retransmission test\n'}
06/25/2024 11:37:50 PM - DEBUG: sendACK: Sending ACK for ID 1
06/25/2024 11:37:50 PM - DEBUG: grading1: Sending MD5 for ID 1 with ID 0. MD5 for: "entering phase 2 retransmission test"
06/25/2024 11:37:50 PM - DEBUG: sendFrameAndWaitForACK: Sending frame: {'checksumHex': '0x34f3', 'length': 33, 'lengthFull': 48, 'id': 0, 'flag': 'EMPTY', 'dataRaw': b'0e30c4436289108150c5679f4531ff30\n'}
06/25/2024 11:37:51 PM - WARNING: receiveAndCheckFrame: Timeout expired.
06/25/2024 11:37:51 PM - WARNING: sendFrameAndWaitForACK: No ACK received (1/16). Retransmitting...
06/25/2024 11:37:52 PM - DEBUG: receiveAndCheckFrame: Received valid frame: {'checksumHex': '0xd6bc', 'length': 65, 'lengthFull': 80, 'id': 0, 'flag': 'EMPTY', 'dataRaw': b'second message cannot be answered immediately due to missing ack\n'}
06/25/2024 11:37:52 PM - DEBUG: sendACK: Sending ACK for ID 0
06/25/2024 11:37:53 PM - WARNING: receiveAndCheckFrame: Timeout expired.
06/25/2024 11:37:53 PM - WARNING: sendFrameAndWaitForACK: No ACK received (2/16). Retransmitting...
06/25/2024 11:37:55 PM - WARNING: receiveAndCheckFrame: Timeout expired.
06/25/2024 11:37:55 PM - WARNING: sendFrameAndWaitForACK: No ACK received (3/16). Retransmitting...
06/25/2024 11:37:57 PM - WARNING: receiveAndCheckFrame: Timeout expired.
06/25/2024 11:37:57 PM - WARNING: sendFrameAndWaitForACK: No ACK received (4/16). Retransmitting...
06/25/2024 11:37:58 PM - DEBUG: receiveAndCheckFrame: Received valid frame: {'checksumHex': '0x7ef9', 'length': 0, 'lengthFull': 15, 'id': 0, 'flag': 'ACK', 'dataRaw': b''}
06/25/2024 11:37:58 PM - DEBUG: sendFrameAndWaitForACK: Received ACK for ID 0
06/25/2024 11:37:58 PM - DEBUG: grading1: Sending MD5 for ID 0 with ID 1. MD5 for: "second message cannot be answered immediately due to missing ack"
06/25/2024 11:37:58 PM - DEBUG: sendFrameAndWaitForACK: Sending frame: {'checksumHex': '0xc8a0', 'length': 33, 'lengthFull': 48, 'id': 1, 'flag': 'EMPTY', 'dataRaw': b'7602a24117f5a631ed03e5732e5f4f6d\n'}
06/25/2024 11:37:58 PM - DEBUG: receiveAndCheckFrame: Received valid frame: {'checksumHex': '0x7ef8', 'length': 0, 'lengthFull': 15, 'id': 1, 'flag': 'ACK', 'dataRaw': b''}
06/25/2024 11:37:58 PM - DEBUG: sendFrameAndWaitForACK: Received ACK for ID 1
06/25/2024 11:37:59 PM - DEBUG: receiveAndCheckFrame: Received valid frame: {'checksumHex': '0xa1b0', 'length': 29, 'lengthFull': 44, 'id': 1, 'flag': 'EMPTY', 'dataRaw': b'entering phase 3 resync test\n'}
06/25/2024 11:37:59 PM - DEBUG: sendACK: Sending ACK for ID 1
06/25/2024 11:37:59 PM - DEBUG: grading1: Sending MD5 for ID 1 with ID 0. MD5 for: "entering phase 3 resync test"
06/25/2024 11:37:59 PM - DEBUG: sendFrameAndWaitForACK: Sending frame: {'checksumHex': '0xb9bf', 'length': 33, 'lengthFull': 48, 'id': 0, 'flag': 'EMPTY', 'dataRaw': b'44027226ffb8f96b269f2889df8b0194\n'}
06/25/2024 11:37:59 PM - DEBUG: receiveAndCheckFrame: Received valid frame: {'checksumHex': '0x7ef9', 'length': 0, 'lengthFull': 15, 'id': 0, 'flag': 'ACK', 'dataRaw': b''}
06/25/2024 11:37:59 PM - DEBUG: sendFrameAndWaitForACK: Received ACK for ID 0
06/25/2024 11:37:59 PM - DEBUG: receiveAndCheckFrame: Received valid frame: {'checksumHex': '0xf228', 'length': 49, 'lengthFull': 64, 'id': 0, 'flag': 'EMPTY', 'dataRaw': b'test line 0 16928d64-41eb-4a5e-85d7-d1a05b3fa4ba\n'}
06/25/2024 11:37:59 PM - DEBUG: sendACK: Sending ACK for ID 0
06/25/2024 11:37:59 PM - DEBUG: grading1: Sending MD5 for ID 0 with ID 1. MD5 for: "test line 0 16928d64-41eb-4a5e-85d7-d1a05b3fa4ba"
06/25/2024 11:37:59 PM - DEBUG: sendFrameAndWaitForACK: Sending frame: {'checksumHex': '0x6890', 'length': 33, 'lengthFull': 48, 'id': 1, 'flag': 'EMPTY', 'dataRaw': b'74e02c8d165ca756302a8d9c7fd7e8a4\n'}
06/25/2024 11:37:59 PM - DEBUG: receiveAndCheckFrame: Received valid frame: {'checksumHex': '0x7ef8', 'length': 0, 'lengthFull': 15, 'id': 1, 'flag': 'ACK', 'dataRaw': b''}
06/25/2024 11:37:59 PM - DEBUG: sendFrameAndWaitForACK: Received ACK for ID 1
06/25/2024 11:37:59 PM - DEBUG: receiveAndCheckFrame: Received valid frame: {'checksumHex': '0xc8fe', 'length': 49, 'lengthFull': 64, 'id': 1, 'flag': 'EMPTY', 'dataRaw': b'test line 1 b2fc5402-9671-49ce-826f-a2780757da52\n'}
06/25/2024 11:37:59 PM - DEBUG: sendACK: Sending ACK for ID 1
06/25/2024 11:37:59 PM - DEBUG: grading1: Sending MD5 for ID 1 with ID 0. MD5 for: "test line 1 b2fc5402-9671-49ce-826f-a2780757da52"
06/25/2024 11:37:59 PM - DEBUG: sendFrameAndWaitForACK: Sending frame: {'checksumHex': '0xb2ce', 'length': 33, 'lengthFull': 48, 'id': 0, 'flag': 'EMPTY', 'dataRaw': b'13c2a0177d19cf79561d78394a5f78d6\n'}
06/25/2024 11:37:59 PM - DEBUG: receiveAndCheckFrame: Received valid frame: {'checksumHex': '0x7ef9', 'length': 0, 'lengthFull': 15, 'id': 0, 'flag': 'ACK', 'dataRaw': b''}
06/25/2024 11:37:59 PM - DEBUG: sendFrameAndWaitForACK: Received ACK for ID 0
06/25/2024 11:37:59 PM - DEBUG: receiveAndCheckFrame: Received valid frame: {'checksumHex': '0x25b8', 'length': 49, 'lengthFull': 64, 'id': 0, 'flag': 'EMPTY', 'dataRaw': b'test line 2 dce1228f-da04-4cc4-b944-c079fa9f98a0\n'}
06/25/2024 11:37:59 PM - DEBUG: sendACK: Sending ACK for ID 0
06/25/2024 11:37:59 PM - DEBUG: grading1: Sending MD5 for ID 0 with ID 1. MD5 for: "test line 2 dce1228f-da04-4cc4-b944-c079fa9f98a0"
06/25/2024 11:37:59 PM - DEBUG: sendFrameAndWaitForACK: Sending frame: {'checksumHex': '0x8b5a', 'length': 33, 'lengthFull': 48, 'id': 1, 'flag': 'EMPTY', 'dataRaw': b'83f6b9ed2468e98f5b957445c04e0dee\n'}
06/25/2024 11:37:59 PM - DEBUG: receiveAndCheckFrame: Received valid frame: {'checksumHex': '0x7ef8', 'length': 0, 'lengthFull': 15, 'id': 1, 'flag': 'ACK', 'dataRaw': b''}
06/25/2024 11:37:59 PM - DEBUG: sendFrameAndWaitForACK: Received ACK for ID 1
06/25/2024 11:37:59 PM - DEBUG: receiveAndCheckFrame: Received valid frame: {'checksumHex': '0x3b40', 'length': 49, 'lengthFull': 64, 'id': 1, 'flag': 'EMPTY', 'dataRaw': b'test line 3 79d9668b-93bd-4e86-8c5e-4b4b4348918c\n'}
06/25/2024 11:37:59 PM - DEBUG: sendACK: Sending ACK for ID 1
06/25/2024 11:37:59 PM - DEBUG: grading1: Sending MD5 for ID 1 with ID 0. MD5 for: "test line 3 79d9668b-93bd-4e86-8c5e-4b4b4348918c"
06/25/2024 11:37:59 PM - DEBUG: sendFrameAndWaitForACK: Sending frame: {'checksumHex': '0xf4c6', 'length': 33, 'lengthFull': 48, 'id': 0, 'flag': 'EMPTY', 'dataRaw': b'58930c1d4bd2c41c858266794326c8c2\n'}
06/25/2024 11:37:59 PM - DEBUG: receiveAndCheckFrame: Received valid frame: {'checksumHex': '0x7ef9', 'length': 0, 'lengthFull': 15, 'id': 0, 'flag': 'ACK', 'dataRaw': b''}
06/25/2024 11:37:59 PM - DEBUG: sendFrameAndWaitForACK: Received ACK for ID 0
06/25/2024 11:38:00 PM - DEBUG: receiveAndCheckFrame: Received valid frame: {'checksumHex': '0x882', 'length': 49, 'lengthFull': 64, 'id': 0, 'flag': 'EMPTY', 'dataRaw': b'test line 4 3f3c0975-0637-4719-97a8-cf2fe6bd6f33\n'}
06/25/2024 11:38:00 PM - DEBUG: sendACK: Sending ACK for ID 0
06/25/2024 11:38:00 PM - DEBUG: grading1: Sending MD5 for ID 0 with ID 1. MD5 for: "test line 4 3f3c0975-0637-4719-97a8-cf2fe6bd6f33"
06/25/2024 11:38:00 PM - DEBUG: sendFrameAndWaitForACK: Sending frame: {'checksumHex': '0xccb8', 'length': 33, 'lengthFull': 48, 'id': 1, 'flag': 'EMPTY', 'dataRaw': b'f50336cffda2dcdd76bb20c4b2c83105\n'}
06/25/2024 11:38:00 PM - DEBUG: receiveAndCheckFrame: Received valid frame: {'checksumHex': '0x7ef8', 'length': 0, 'lengthFull': 15, 'id': 1, 'flag': 'ACK', 'dataRaw': b''}
06/25/2024 11:38:00 PM - DEBUG: sendFrameAndWaitForACK: Received ACK for ID 1
06/25/2024 11:38:00 PM - DEBUG: receiveAndCheckFrame: Received valid frame: {'checksumHex': '0x9d49', 'length': 38, 'lengthFull': 53, 'id': 1, 'flag': 'EMPTY', 'dataRaw': b'entering phase 4 partial message test\n'}
06/25/2024 11:38:00 PM - DEBUG: sendACK: Sending ACK for ID 1
06/25/2024 11:38:00 PM - DEBUG: grading1: Sending MD5 for ID 1 with ID 0. MD5 for: "entering phase 4 partial message test"
06/25/2024 11:38:00 PM - DEBUG: sendFrameAndWaitForACK: Sending frame: {'checksumHex': '0x44ab', 'length': 33, 'lengthFull': 48, 'id': 0, 'flag': 'EMPTY', 'dataRaw': b'0aac0ca0402487bd6c19badd3331367e\n'}
06/25/2024 11:38:00 PM - DEBUG: receiveAndCheckFrame: Received valid frame: {'checksumHex': '0x7ef9', 'length': 0, 'lengthFull': 15, 'id': 0, 'flag': 'ACK', 'dataRaw': b''}
06/25/2024 11:38:00 PM - DEBUG: sendFrameAndWaitForACK: Received ACK for ID 0
06/25/2024 11:38:01 PM - DEBUG: receiveAndCheckFrame: Received valid frame: {'checksumHex': '0x24ed', 'length': 5, 'lengthFull': 20, 'id': 0, 'flag': 'EMPTY', 'dataRaw': b'test '}
06/25/2024 11:38:01 PM - DEBUG: sendACK: Sending ACK for ID 0
06/25/2024 11:38:01 PM - DEBUG: receiveAndCheckFrame: Received valid frame: {'checksumHex': '0x490', 'length': 44, 'lengthFull': 59, 'id': 1, 'flag': 'EMPTY', 'dataRaw': b'line 0 1fb6b274-40de-44ec-b1e3-b6f7d19b8e7f\n'}
06/25/2024 11:38:01 PM - DEBUG: sendACK: Sending ACK for ID 1
06/25/2024 11:38:01 PM - DEBUG: grading1: Sending MD5 for ID 1 with ID 1. MD5 for: "test line 0 1fb6b274-40de-44ec-b1e3-b6f7d19b8e7f"
06/25/2024 11:38:01 PM - DEBUG: sendFrameAndWaitForACK: Sending frame: {'checksumHex': '0x7f9b', 'length': 33, 'lengthFull': 48, 'id': 1, 'flag': 'EMPTY', 'dataRaw': b'38ce37389c771e198fe5a0478cb7cc18\n'}
06/25/2024 11:38:01 PM - DEBUG: receiveAndCheckFrame: Received valid frame: {'checksumHex': '0x7ef8', 'length': 0, 'lengthFull': 15, 'id': 1, 'flag': 'ACK', 'dataRaw': b''}
06/25/2024 11:38:01 PM - DEBUG: sendFrameAndWaitForACK: Received ACK for ID 1
06/25/2024 11:38:01 PM - DEBUG: receiveAndCheckFrame: Received valid frame: {'checksumHex': '0x24ed', 'length': 5, 'lengthFull': 20, 'id': 0, 'flag': 'EMPTY', 'dataRaw': b'test '}
06/25/2024 11:38:01 PM - DEBUG: sendACK: Sending ACK for ID 0
06/25/2024 11:38:01 PM - DEBUG: receiveAndCheckFrame: Received valid frame: {'checksumHex': '0x4c7', 'length': 44, 'lengthFull': 59, 'id': 1, 'flag': 'EMPTY', 'dataRaw': b'line 1 85639ba3-b324-4651-8ee5-2faaa3efb5db\n'}
06/25/2024 11:38:01 PM - DEBUG: sendACK: Sending ACK for ID 1
06/25/2024 11:38:01 PM - DEBUG: grading1: Sending MD5 for ID 1 with ID 0. MD5 for: "test line 1 85639ba3-b324-4651-8ee5-2faaa3efb5db"
06/25/2024 11:38:01 PM - DEBUG: sendFrameAndWaitForACK: Sending frame: {'checksumHex': '0xcbd6', 'length': 33, 'lengthFull': 48, 'id': 0, 'flag': 'EMPTY', 'dataRaw': b'966806521d87313b4e20c0aeb2bc3309\n'}
06/25/2024 11:38:01 PM - DEBUG: receiveAndCheckFrame: Received valid frame: {'checksumHex': '0x7ef9', 'length': 0, 'lengthFull': 15, 'id': 0, 'flag': 'ACK', 'dataRaw': b''}
06/25/2024 11:38:01 PM - DEBUG: sendFrameAndWaitForACK: Received ACK for ID 0
06/25/2024 11:38:02 PM - DEBUG: receiveAndCheckFrame: Received valid frame: {'checksumHex': '0x24ed', 'length': 5, 'lengthFull': 20, 'id': 0, 'flag': 'EMPTY', 'dataRaw': b'test '}
06/25/2024 11:38:02 PM - DEBUG: sendACK: Sending ACK for ID 0
06/25/2024 11:38:02 PM - DEBUG: receiveAndCheckFrame: Received valid frame: {'checksumHex': '0x6571', 'length': 44, 'lengthFull': 59, 'id': 1, 'flag': 'EMPTY', 'dataRaw': b'line 2 b59f3859-8e59-4d25-932e-313043f606ae\n'}
06/25/2024 11:38:02 PM - DEBUG: sendACK: Sending ACK for ID 1
06/25/2024 11:38:02 PM - DEBUG: grading1: Sending MD5 for ID 1 with ID 1. MD5 for: "test line 2 b59f3859-8e59-4d25-932e-313043f606ae"
06/25/2024 11:38:02 PM - DEBUG: sendFrameAndWaitForACK: Sending frame: {'checksumHex': '0xcd26', 'length': 33, 'lengthFull': 48, 'id': 1, 'flag': 'EMPTY', 'dataRaw': b'263cef177d5053e69854165a63014d40\n'}
06/25/2024 11:38:02 PM - DEBUG: receiveAndCheckFrame: Received valid frame: {'checksumHex': '0x7ef8', 'length': 0, 'lengthFull': 15, 'id': 1, 'flag': 'ACK', 'dataRaw': b''}
06/25/2024 11:38:02 PM - DEBUG: sendFrameAndWaitForACK: Received ACK for ID 1
06/25/2024 11:38:02 PM - DEBUG: receiveAndCheckFrame: Received valid frame: {'checksumHex': '0x24ed', 'length': 5, 'lengthFull': 20, 'id': 0, 'flag': 'EMPTY', 'dataRaw': b'test '}
06/25/2024 11:38:02 PM - DEBUG: sendACK: Sending ACK for ID 0
06/25/2024 11:38:02 PM - DEBUG: receiveAndCheckFrame: Received valid frame: {'checksumHex': '0x9516', 'length': 44, 'lengthFull': 59, 'id': 1, 'flag': 'EMPTY', 'dataRaw': b'line 3 1ef33994-72d3-433a-981f-83be3f18d702\n'}
06/25/2024 11:38:02 PM - DEBUG: sendACK: Sending ACK for ID 1
06/25/2024 11:38:02 PM - DEBUG: grading1: Sending MD5 for ID 1 with ID 0. MD5 for: "test line 3 1ef33994-72d3-433a-981f-83be3f18d702"
06/25/2024 11:38:02 PM - DEBUG: sendFrameAndWaitForACK: Sending frame: {'checksumHex': '0x693a', 'length': 33, 'lengthFull': 48, 'id': 0, 'flag': 'EMPTY', 'dataRaw': b'79898cf3d30b982b18bbab2bf3b0bb47\n'}
06/25/2024 11:38:02 PM - DEBUG: receiveAndCheckFrame: Received valid frame: {'checksumHex': '0x7ef9', 'length': 0, 'lengthFull': 15, 'id': 0, 'flag': 'ACK', 'dataRaw': b''}
06/25/2024 11:38:02 PM - DEBUG: sendFrameAndWaitForACK: Received ACK for ID 0
06/25/2024 11:38:02 PM - DEBUG: receiveAndCheckFrame: Received valid frame: {'checksumHex': '0x24ed', 'length': 5, 'lengthFull': 20, 'id': 0, 'flag': 'EMPTY', 'dataRaw': b'test '}
06/25/2024 11:38:02 PM - DEBUG: sendACK: Sending ACK for ID 0
06/25/2024 11:38:02 PM - DEBUG: receiveAndCheckFrame: Received valid frame: {'checksumHex': '0xc5ea', 'length': 44, 'lengthFull': 59, 'id': 1, 'flag': 'EMPTY', 'dataRaw': b'line 4 5d132767-3ba0-4e03-a0e8-4885cc57e388\n'}
06/25/2024 11:38:02 PM - DEBUG: sendACK: Sending ACK for ID 1
06/25/2024 11:38:02 PM - DEBUG: grading1: Sending MD5 for ID 1 with ID 1. MD5 for: "test line 4 5d132767-3ba0-4e03-a0e8-4885cc57e388"
06/25/2024 11:38:02 PM - DEBUG: sendFrameAndWaitForACK: Sending frame: {'checksumHex': '0x6c2d', 'length': 33, 'lengthFull': 48, 'id': 1, 'flag': 'EMPTY', 'dataRaw': b'de56ea94b79b2481434bb9e2ec63cf3d\n'}
06/25/2024 11:38:02 PM - DEBUG: receiveAndCheckFrame: Received valid frame: {'checksumHex': '0x7ef8', 'length': 0, 'lengthFull': 15, 'id': 1, 'flag': 'ACK', 'dataRaw': b''}
06/25/2024 11:38:02 PM - DEBUG: sendFrameAndWaitForACK: Received ACK for ID 1
06/25/2024 11:38:02 PM - DEBUG: receiveAndCheckFrame: Received valid frame: {'checksumHex': '0xe382', 'length': 39, 'lengthFull': 54, 'id': 0, 'flag': 'EMPTY', 'dataRaw': b'entering phase 5 multiple message test\n'}
06/25/2024 11:38:02 PM - DEBUG: sendACK: Sending ACK for ID 0
06/25/2024 11:38:02 PM - DEBUG: grading1: Sending MD5 for ID 0 with ID 0. MD5 for: "entering phase 5 multiple message test"
06/25/2024 11:38:02 PM - DEBUG: sendFrameAndWaitForACK: Sending frame: {'checksumHex': '0x80ca', 'length': 33, 'lengthFull': 48, 'id': 0, 'flag': 'EMPTY', 'dataRaw': b'5bb1e93bf3212e3a901823eb2b92305a\n'}
06/25/2024 11:38:02 PM - DEBUG: receiveAndCheckFrame: Received valid frame: {'checksumHex': '0x7ef9', 'length': 0, 'lengthFull': 15, 'id': 0, 'flag': 'ACK', 'dataRaw': b''}
06/25/2024 11:38:02 PM - DEBUG: sendFrameAndWaitForACK: Received ACK for ID 0
06/25/2024 11:38:03 PM - DEBUG: receiveAndCheckFrame: Received valid frame: {'checksumHex': '0x2744', 'length': 100, 'lengthFull': 115, 'id': 1, 'flag': 'EMPTY', 'dataRaw': b'test line 0a 9bf2f1c0-77a8-4933-b022-1ddad729842a\ntest line 0b fc7cfa5f-d55a-428b-b42e-63a82f05a86b\n'}
06/25/2024 11:38:03 PM - DEBUG: sendACK: Sending ACK for ID 1
06/25/2024 11:38:03 PM - DEBUG: grading1: Sending MD5 for ID 1 with ID 1. MD5 for: "test line 0a 9bf2f1c0-77a8-4933-b022-1ddad729842a"
06/25/2024 11:38:03 PM - DEBUG: sendFrameAndWaitForACK: Sending frame: {'checksumHex': '0xe8a', 'length': 33, 'lengthFull': 48, 'id': 1, 'flag': 'EMPTY', 'dataRaw': b'd59f8e2bcea6752bccde419b4a765373\n'}
06/25/2024 11:38:03 PM - DEBUG: receiveAndCheckFrame: Received valid frame: {'checksumHex': '0x7ef8', 'length': 0, 'lengthFull': 15, 'id': 1, 'flag': 'ACK', 'dataRaw': b''}
06/25/2024 11:38:03 PM - DEBUG: sendFrameAndWaitForACK: Received ACK for ID 1
06/25/2024 11:38:03 PM - DEBUG: grading1: Sending MD5 for ID 1 with ID 0. MD5 for: "test line 0b fc7cfa5f-d55a-428b-b42e-63a82f05a86b"
06/25/2024 11:38:03 PM - DEBUG: sendFrameAndWaitForACK: Sending frame: {'checksumHex': '0x7327', 'length': 33, 'lengthFull': 48, 'id': 0, 'flag': 'EMPTY', 'dataRaw': b'54854bc18032deb9618ffe8cdb7fe0b4\n'}
06/25/2024 11:38:03 PM - DEBUG: receiveAndCheckFrame: Received valid frame: {'checksumHex': '0x7ef9', 'length': 0, 'lengthFull': 15, 'id': 0, 'flag': 'ACK', 'dataRaw': b''}
06/25/2024 11:38:03 PM - DEBUG: sendFrameAndWaitForACK: Received ACK for ID 0
06/25/2024 11:38:03 PM - DEBUG: receiveAndCheckFrame: Received valid frame: {'checksumHex': '0xa2df', 'length': 100, 'lengthFull': 115, 'id': 0, 'flag': 'EMPTY', 'dataRaw': b'test line 1a 22ab51f3-51bf-46cd-8f0c-3aa4dacebc13\ntest line 1b 46945bfa-2281-48e2-a1b5-d76bf1822462\n'}
06/25/2024 11:38:03 PM - DEBUG: sendACK: Sending ACK for ID 0
06/25/2024 11:38:03 PM - DEBUG: grading1: Sending MD5 for ID 0 with ID 1. MD5 for: "test line 1a 22ab51f3-51bf-46cd-8f0c-3aa4dacebc13"
06/25/2024 11:38:03 PM - DEBUG: sendFrameAndWaitForACK: Sending frame: {'checksumHex': '0x615c', 'length': 33, 'lengthFull': 48, 'id': 1, 'flag': 'EMPTY', 'dataRaw': b'40bb50e792941b59b1e8f240a5639656\n'}
06/25/2024 11:38:04 PM - DEBUG: receiveAndCheckFrame: Received valid frame: {'checksumHex': '0x7ef8', 'length': 0, 'lengthFull': 15, 'id': 1, 'flag': 'ACK', 'dataRaw': b''}
06/25/2024 11:38:04 PM - DEBUG: sendFrameAndWaitForACK: Received ACK for ID 1
06/25/2024 11:38:04 PM - DEBUG: grading1: Sending MD5 for ID 0 with ID 0. MD5 for: "test line 1b 46945bfa-2281-48e2-a1b5-d76bf1822462"
06/25/2024 11:38:04 PM - DEBUG: sendFrameAndWaitForACK: Sending frame: {'checksumHex': '0x7495', 'length': 33, 'lengthFull': 48, 'id': 0, 'flag': 'EMPTY', 'dataRaw': b'f2aa125e3f90e8841cb23a13863e75fa\n'}
06/25/2024 11:38:04 PM - DEBUG: receiveAndCheckFrame: Received valid frame: {'checksumHex': '0x7ef9', 'length': 0, 'lengthFull': 15, 'id': 0, 'flag': 'ACK', 'dataRaw': b''}
06/25/2024 11:38:04 PM - DEBUG: sendFrameAndWaitForACK: Received ACK for ID 0
06/25/2024 11:38:04 PM - DEBUG: receiveAndCheckFrame: Received valid frame: {'checksumHex': '0x9b2b', 'length': 100, 'lengthFull': 115, 'id': 1, 'flag': 'EMPTY', 'dataRaw': b'test line 2a a1dc495e-2afa-4821-829f-fa3dc65a945b\ntest line 2b 6cdb4566-a782-48ff-b0da-f46af285cfb4\n'}
06/25/2024 11:38:04 PM - DEBUG: sendACK: Sending ACK for ID 1
06/25/2024 11:38:04 PM - DEBUG: grading1: Sending MD5 for ID 1 with ID 1. MD5 for: "test line 2a a1dc495e-2afa-4821-829f-fa3dc65a945b"
06/25/2024 11:38:04 PM - DEBUG: sendFrameAndWaitForACK: Sending frame: {'checksumHex': '0xdfb8', 'length': 33, 'lengthFull': 48, 'id': 1, 'flag': 'EMPTY', 'dataRaw': b'7b63916bbf8234aa0173923056a198ea\n'}
06/25/2024 11:38:04 PM - DEBUG: receiveAndCheckFrame: Received valid frame: {'checksumHex': '0x7ef8', 'length': 0, 'lengthFull': 15, 'id': 1, 'flag': 'ACK', 'dataRaw': b''}
06/25/2024 11:38:04 PM - DEBUG: sendFrameAndWaitForACK: Received ACK for ID 1
06/25/2024 11:38:04 PM - DEBUG: grading1: Sending MD5 for ID 1 with ID 0. MD5 for: "test line 2b 6cdb4566-a782-48ff-b0da-f46af285cfb4"
06/25/2024 11:38:04 PM - DEBUG: sendFrameAndWaitForACK: Sending frame: {'checksumHex': '0xba8d', 'length': 33, 'lengthFull': 48, 'id': 0, 'flag': 'EMPTY', 'dataRaw': b'1d756103d681db696aa699e96fef6636\n'}
06/25/2024 11:38:04 PM - DEBUG: receiveAndCheckFrame: Received valid frame: {'checksumHex': '0x7ef9', 'length': 0, 'lengthFull': 15, 'id': 0, 'flag': 'ACK', 'dataRaw': b''}
06/25/2024 11:38:04 PM - DEBUG: sendFrameAndWaitForACK: Received ACK for ID 0
06/25/2024 11:38:05 PM - DEBUG: receiveAndCheckFrame: Received valid frame: {'checksumHex': '0xc6ca', 'length': 100, 'lengthFull': 115, 'id': 0, 'flag': 'EMPTY', 'dataRaw': b'test line 3a 9dd482af-e25d-4877-adcf-05dd30cea835\ntest line 3b 4f9ede2a-0ace-403c-86f4-98eb5c9723ae\n'}
06/25/2024 11:38:05 PM - DEBUG: sendACK: Sending ACK for ID 0
06/25/2024 11:38:05 PM - DEBUG: grading1: Sending MD5 for ID 0 with ID 1. MD5 for: "test line 3a 9dd482af-e25d-4877-adcf-05dd30cea835"
06/25/2024 11:38:05 PM - DEBUG: sendFrameAndWaitForACK: Sending frame: {'checksumHex': '0x646f', 'length': 33, 'lengthFull': 48, 'id': 1, 'flag': 'EMPTY', 'dataRaw': b'a35a437c26a4d98e4eac3e26c0d9821f\n'}
06/25/2024 11:38:05 PM - DEBUG: receiveAndCheckFrame: Received valid frame: {'checksumHex': '0x7ef8', 'length': 0, 'lengthFull': 15, 'id': 1, 'flag': 'ACK', 'dataRaw': b''}
06/25/2024 11:38:05 PM - DEBUG: sendFrameAndWaitForACK: Received ACK for ID 1
06/25/2024 11:38:05 PM - DEBUG: grading1: Sending MD5 for ID 0 with ID 0. MD5 for: "test line 3b 4f9ede2a-0ace-403c-86f4-98eb5c9723ae"
06/25/2024 11:38:05 PM - DEBUG: sendFrameAndWaitForACK: Sending frame: {'checksumHex': '0x8a9f', 'length': 33, 'lengthFull': 48, 'id': 0, 'flag': 'EMPTY', 'dataRaw': b'50dedd158f75570ad507b4247869be2e\n'}
06/25/2024 11:38:05 PM - DEBUG: receiveAndCheckFrame: Received valid frame: {'checksumHex': '0x7ef9', 'length': 0, 'lengthFull': 15, 'id': 0, 'flag': 'ACK', 'dataRaw': b''}
06/25/2024 11:38:05 PM - DEBUG: sendFrameAndWaitForACK: Received ACK for ID 0
06/25/2024 11:38:05 PM - DEBUG: receiveAndCheckFrame: Received valid frame: {'checksumHex': '0xd20c', 'length': 100, 'lengthFull': 115, 'id': 1, 'flag': 'EMPTY', 'dataRaw': b'test line 4a 88f17d83-f000-4734-9c30-cacfbf286d4f\ntest line 4b ff783627-be5c-4396-9f21-43e6d6c02bc1\n'}
06/25/2024 11:38:05 PM - DEBUG: sendACK: Sending ACK for ID 1
06/25/2024 11:38:05 PM - DEBUG: grading1: Sending MD5 for ID 1 with ID 1. MD5 for: "test line 4a 88f17d83-f000-4734-9c30-cacfbf286d4f"
06/25/2024 11:38:05 PM - DEBUG: sendFrameAndWaitForACK: Sending frame: {'checksumHex': '0xce3b', 'length': 33, 'lengthFull': 48, 'id': 1, 'flag': 'EMPTY', 'dataRaw': b'461f630ce10e003546a8624a32663b05\n'}
06/25/2024 11:38:05 PM - DEBUG: receiveAndCheckFrame: Received valid frame: {'checksumHex': '0x7ef8', 'length': 0, 'lengthFull': 15, 'id': 1, 'flag': 'ACK', 'dataRaw': b''}
06/25/2024 11:38:05 PM - DEBUG: sendFrameAndWaitForACK: Received ACK for ID 1
06/25/2024 11:38:05 PM - DEBUG: grading1: Sending MD5 for ID 1 with ID 0. MD5 for: "test line 4b ff783627-be5c-4396-9f21-43e6d6c02bc1"
06/25/2024 11:38:05 PM - DEBUG: sendFrameAndWaitForACK: Sending frame: {'checksumHex': '0x4570', 'length': 33, 'lengthFull': 48, 'id': 0, 'flag': 'EMPTY', 'dataRaw': b'3d196921a80e76692501e8f1a399e4e3\n'}
06/25/2024 11:38:05 PM - DEBUG: receiveAndCheckFrame: Received valid frame: {'checksumHex': '0x7ef9', 'length': 0, 'lengthFull': 15, 'id': 0, 'flag': 'ACK', 'dataRaw': b''}
06/25/2024 11:38:05 PM - DEBUG: sendFrameAndWaitForACK: Received ACK for ID 0
06/25/2024 11:38:06 PM - DEBUG: receiveAndCheckFrame: Received valid frame: {'checksumHex': '0xbef9', 'length': 0, 'lengthFull': 15, 'id': 0, 'flag': 'END', 'dataRaw': b''}
06/25/2024 11:38:06 PM - DEBUG: sendACK: Sending ACK for ID 0
06/25/2024 11:38:06 PM - INFO: grading1: Grading 1 complete. Exiting...
